@!@!@STARTMSG 2262:0 @!@!@
TLC2 Version 2.16 of 31 December 2020 (rev: cdddf55)
@!@!@ENDMSG 2262 @!@!@
@!@!@STARTMSG 2187:0 @!@!@
Running breadth-first search Model-Checking with fp 39 and seed -8766318825593050769 with 4 workers on 8 cores with 1205MB heap and 2711MB offheap memory [pid: 15268] (Windows 10 10.0 amd64, AdoptOpenJDK 14.0.1 x86_64, OffHeapDiskFPSet, DiskStateQueue).
@!@!@ENDMSG 2187 @!@!@
@!@!@STARTMSG 2220:0 @!@!@
Starting SANY...
@!@!@ENDMSG 2220 @!@!@
Parsing file C:\Users\Elena\.tlaplus\amorecomplexthread\MoreComplexThread.toolbox\Model_1\MC.tla
Parsing file C:\Users\Elena\.tlaplus\amorecomplexthread\MoreComplexThread.toolbox\Model_1\MoreComplexThread.tla
Parsing file D:\Downloads\TLAToolbox-1.7.1-win32.win32.x86_64\toolbox\plugins\org.lamport.tlatools_1.0.0.202012311918\tla2sany\StandardModules\TLC.tla
Parsing file D:\Downloads\TLAToolbox-1.7.1-win32.win32.x86_64\toolbox\plugins\org.lamport.tlatools_1.0.0.202012311918\tla2sany\StandardModules\Integers.tla
Parsing file D:\Downloads\TLAToolbox-1.7.1-win32.win32.x86_64\toolbox\plugins\org.lamport.tlatools_1.0.0.202012311918\tla2sany\StandardModules\Sequences.tla
Parsing file D:\Downloads\TLAToolbox-1.7.1-win32.win32.x86_64\toolbox\plugins\org.lamport.tlatools_1.0.0.202012311918\tla2sany\StandardModules\Naturals.tla
Parsing file D:\Downloads\TLAToolbox-1.7.1-win32.win32.x86_64\toolbox\plugins\org.lamport.tlatools_1.0.0.202012311918\tla2sany\StandardModules\FiniteSets.tla
Semantic processing of module Naturals
Semantic processing of module Integers
Semantic processing of module Sequences
Semantic processing of module FiniteSets
Semantic processing of module TLC
Semantic processing of module MoreComplexThread
Semantic processing of module MC
@!@!@STARTMSG 2219:0 @!@!@
SANY finished.
@!@!@ENDMSG 2219 @!@!@
@!@!@STARTMSG 2185:0 @!@!@
Starting... (2021-04-27 20:45:55)
@!@!@ENDMSG 2185 @!@!@
@!@!@STARTMSG 2189:0 @!@!@
Computing initial states...
@!@!@ENDMSG 2189 @!@!@
@!@!@STARTMSG 2190:0 @!@!@
Finished computing initial states: 1 distinct state generated at 2021-04-27 20:45:56.
@!@!@ENDMSG 2190 @!@!@
@!@!@STARTMSG 2114:1 @!@!@
Deadlock reached.
@!@!@ENDMSG 2114 @!@!@
@!@!@STARTMSG 2121:1 @!@!@
The behavior up to this point is:
@!@!@ENDMSG 2121 @!@!@
@!@!@STARTMSG 2217:4 @!@!@
1: <Initial predicate>
/\ flag = FALSE
/\ mutex1 = 0
/\ mutex2 = 0
/\ mutex3 = 0
/\ holder1 = 2
/\ holder2 = 2
/\ holder3 = 2
/\ pc = (0 :> "T0_step1" @@ 1 :> "T1_step1")

@!@!@ENDMSG 2217 @!@!@
@!@!@STARTMSG 2217:4 @!@!@
2: <T1_step1 line 260, col 13 to line 263, col 38 of module MoreComplexThread>
/\ flag = FALSE
/\ mutex1 = 0
/\ mutex2 = 0
/\ mutex3 = 0
/\ holder1 = 2
/\ holder2 = 2
/\ holder3 = 2
/\ pc = (0 :> "T0_step1" @@ 1 :> "T1_step2")

@!@!@ENDMSG 2217 @!@!@
@!@!@STARTMSG 2217:4 @!@!@
3: <T1_step2 line 265, col 13 to line 270, col 38 of module MoreComplexThread>
/\ flag = FALSE
/\ mutex1 = 0
/\ mutex2 = 0
/\ mutex3 = 0
/\ holder1 = 2
/\ holder2 = 2
/\ holder3 = 2
/\ pc = (0 :> "T0_step1" @@ 1 :> "T1_step9")

@!@!@ENDMSG 2217 @!@!@
@!@!@STARTMSG 2217:4 @!@!@
4: <T0_step1 line 162, col 13 to line 165, col 38 of module MoreComplexThread>
/\ flag = FALSE
/\ mutex1 = 0
/\ mutex2 = 0
/\ mutex3 = 0
/\ holder1 = 2
/\ holder2 = 2
/\ holder3 = 2
/\ pc = (0 :> "T0_step2" @@ 1 :> "T1_step9")

@!@!@ENDMSG 2217 @!@!@
@!@!@STARTMSG 2217:4 @!@!@
5: <T1_step9 line 313, col 13 to line 318, col 69 of module MoreComplexThread>
/\ flag = FALSE
/\ mutex1 = 1
/\ mutex2 = 0
/\ mutex3 = 0
/\ holder1 = 1
/\ holder2 = 2
/\ holder3 = 2
/\ pc = (0 :> "T0_step2" @@ 1 :> "T1_step10")

@!@!@ENDMSG 2217 @!@!@
@!@!@STARTMSG 2217:4 @!@!@
6: <T0_step2 line 167, col 13 to line 174, col 69 of module MoreComplexThread>
/\ flag = FALSE
/\ mutex1 = 1
/\ mutex2 = 0
/\ mutex3 = 0
/\ holder1 = 1
/\ holder2 = 2
/\ holder3 = 2
/\ pc = (0 :> "T0_step11" @@ 1 :> "T1_step10")

@!@!@ENDMSG 2217 @!@!@
@!@!@STARTMSG 2217:4 @!@!@
7: <T0_step11 line 235, col 14 to line 240, col 70 of module MoreComplexThread>
/\ flag = FALSE
/\ mutex1 = 1
/\ mutex2 = 1
/\ mutex3 = 0
/\ holder1 = 1
/\ holder2 = 0
/\ holder3 = 2
/\ pc = (0 :> "T0_step12" @@ 1 :> "T1_step10")

@!@!@ENDMSG 2217 @!@!@
@!@!@STARTMSG 2217:4 @!@!@
8: <T1_step10 line 320, col 14 to line 323, col 81 of module MoreComplexThread>
/\ flag = FALSE
/\ mutex1 = 1
/\ mutex2 = 1
/\ mutex3 = 0
/\ holder1 = 1
/\ holder2 = 0
/\ holder3 = 2
/\ pc = (0 :> "T0_step12" @@ 1 :> "T1_step11")

@!@!@ENDMSG 2217 @!@!@
@!@!@STARTMSG 2217:4 @!@!@
9: <T0_step12 line 242, col 14 to line 245, col 81 of module MoreComplexThread>
/\ flag = TRUE
/\ mutex1 = 1
/\ mutex2 = 1
/\ mutex3 = 0
/\ holder1 = 1
/\ holder2 = 0
/\ holder3 = 2
/\ pc = (0 :> "T0_step13" @@ 1 :> "T1_step11")

@!@!@ENDMSG 2217 @!@!@
@!@!@STARTMSG 2217:4 @!@!@
10: <T0_step13 line 247, col 14 to line 254, col 70 of module MoreComplexThread>
/\ flag = TRUE
/\ mutex1 = 1
/\ mutex2 = 0
/\ mutex3 = 0
/\ holder1 = 1
/\ holder2 = 2
/\ holder3 = 2
/\ pc = (0 :> "T0_step1" @@ 1 :> "T1_step11")

@!@!@ENDMSG 2217 @!@!@
@!@!@STARTMSG 2217:4 @!@!@
11: <T1_step11 line 325, col 14 to line 332, col 70 of module MoreComplexThread>
/\ flag = TRUE
/\ mutex1 = 0
/\ mutex2 = 0
/\ mutex3 = 0
/\ holder1 = 2
/\ holder2 = 2
/\ holder3 = 2
/\ pc = (0 :> "T0_step1" @@ 1 :> "T1_step1")

@!@!@ENDMSG 2217 @!@!@
@!@!@STARTMSG 2217:4 @!@!@
12: <T1_step1 line 260, col 13 to line 263, col 38 of module MoreComplexThread>
/\ flag = TRUE
/\ mutex1 = 0
/\ mutex2 = 0
/\ mutex3 = 0
/\ holder1 = 2
/\ holder2 = 2
/\ holder3 = 2
/\ pc = (0 :> "T0_step1" @@ 1 :> "T1_step2")

@!@!@ENDMSG 2217 @!@!@
@!@!@STARTMSG 2217:4 @!@!@
13: <T0_step1 line 162, col 13 to line 165, col 38 of module MoreComplexThread>
/\ flag = TRUE
/\ mutex1 = 0
/\ mutex2 = 0
/\ mutex3 = 0
/\ holder1 = 2
/\ holder2 = 2
/\ holder3 = 2
/\ pc = (0 :> "T0_step2" @@ 1 :> "T1_step2")

@!@!@ENDMSG 2217 @!@!@
@!@!@STARTMSG 2217:4 @!@!@
14: <T0_step2 line 167, col 13 to line 174, col 69 of module MoreComplexThread>
/\ flag = TRUE
/\ mutex1 = 1
/\ mutex2 = 0
/\ mutex3 = 0
/\ holder1 = 0
/\ holder2 = 2
/\ holder3 = 2
/\ pc = (0 :> "T0_step3" @@ 1 :> "T1_step2")

@!@!@ENDMSG 2217 @!@!@
@!@!@STARTMSG 2217:4 @!@!@
15: <T1_step2 line 265, col 13 to line 270, col 38 of module MoreComplexThread>
/\ flag = TRUE
/\ mutex1 = 1
/\ mutex2 = 0
/\ mutex3 = 0
/\ holder1 = 0
/\ holder2 = 2
/\ holder3 = 2
/\ pc = (0 :> "T0_step3" @@ 1 :> "T1_step3")

@!@!@ENDMSG 2217 @!@!@
@!@!@STARTMSG 2217:4 @!@!@
16: <T0_step3 line 176, col 13 to line 181, col 69 of module MoreComplexThread>
/\ flag = TRUE
/\ mutex1 = 1
/\ mutex2 = 0
/\ mutex3 = 1
/\ holder1 = 0
/\ holder2 = 2
/\ holder3 = 0
/\ pc = (0 :> "T0_step4" @@ 1 :> "T1_step3")

@!@!@ENDMSG 2217 @!@!@
@!@!@STARTMSG 2217:4 @!@!@
17: <T0_step4 line 183, col 13 to line 188, col 69 of module MoreComplexThread>
/\ flag = TRUE
/\ mutex1 = 2
/\ mutex2 = 0
/\ mutex3 = 1
/\ holder1 = 0
/\ holder2 = 2
/\ holder3 = 0
/\ pc = (0 :> "T0_step5" @@ 1 :> "T1_step3")

@!@!@ENDMSG 2217 @!@!@
@!@!@STARTMSG 2217:4 @!@!@
18: <T0_step5 line 190, col 13 to line 194, col 38 of module MoreComplexThread>
/\ flag = TRUE
/\ mutex1 = 2
/\ mutex2 = 0
/\ mutex3 = 1
/\ holder1 = 0
/\ holder2 = 2
/\ holder3 = 0
/\ pc = (0 :> "T0_step6" @@ 1 :> "T1_step3")

@!@!@ENDMSG 2217 @!@!@
@!@!@STARTMSG 2217:4 @!@!@
19: <T1_step3 line 272, col 13 to line 277, col 69 of module MoreComplexThread>
/\ flag = TRUE
/\ mutex1 = 2
/\ mutex2 = 1
/\ mutex3 = 1
/\ holder1 = 0
/\ holder2 = 1
/\ holder3 = 0
/\ pc = (0 :> "T0_step6" @@ 1 :> "T1_step4")

@!@!@ENDMSG 2217 @!@!@
@!@!@STARTMSG 2217:4 @!@!@
20: <T0_step6 line 196, col 13 to line 203, col 69 of module MoreComplexThread>
/\ flag = TRUE
/\ mutex1 = 1
/\ mutex2 = 1
/\ mutex3 = 1
/\ holder1 = 0
/\ holder2 = 1
/\ holder3 = 0
/\ pc = (0 :> "T0_step7" @@ 1 :> "T1_step4")

@!@!@ENDMSG 2217 @!@!@
@!@!@STARTMSG 2201:0 @!@!@
The coverage statistics at 2021-04-27 20:45:56
@!@!@ENDMSG 2201 @!@!@
@!@!@STARTMSG 2773:0 @!@!@
<Init line 151, col 1 to line 151, col 4 of module MoreComplexThread>: 2:2
@!@!@ENDMSG 2773 @!@!@
@!@!@STARTMSG 2221:0 @!@!@
  line 152, col 9 to line 160, col 66 of module MoreComplexThread: 2
@!@!@ENDMSG 2221 @!@!@
@!@!@STARTMSG 2772:0 @!@!@
<T0_step1 line 162, col 1 to line 162, col 8 of module MoreComplexThread>: 17:36
@!@!@ENDMSG 2772 @!@!@
@!@!@STARTMSG 2221:0 @!@!@
  line 162, col 16 to line 162, col 33 of module MoreComplexThread: 286
@!@!@ENDMSG 2221 @!@!@
@!@!@STARTMSG 2221:0 @!@!@
  |line 162, col 16 to line 162, col 20 of module MoreComplexThread: 250
@!@!@ENDMSG 2221 @!@!@
@!@!@STARTMSG 2221:0 @!@!@
  line 163, col 16 to line 163, col 50 of module MoreComplexThread: 36
@!@!@ENDMSG 2221 @!@!@
@!@!@STARTMSG 2221:0 @!@!@
  line 164, col 16 to line 165, col 38 of module MoreComplexThread: 36
@!@!@ENDMSG 2221 @!@!@
@!@!@STARTMSG 2772:0 @!@!@
<T0_step2 line 167, col 1 to line 167, col 8 of module MoreComplexThread>: 19:32
@!@!@ENDMSG 2772 @!@!@
@!@!@STARTMSG 2221:0 @!@!@
  line 167, col 16 to line 167, col 33 of module MoreComplexThread: 280
@!@!@ENDMSG 2221 @!@!@
@!@!@STARTMSG 2221:0 @!@!@
  |line 167, col 16 to line 167, col 20 of module MoreComplexThread: 248
@!@!@ENDMSG 2221 @!@!@
@!@!@STARTMSG 2221:0 @!@!@
  line 168, col 20 to line 168, col 48 of module MoreComplexThread: 32
@!@!@ENDMSG 2221 @!@!@
@!@!@STARTMSG 2221:0 @!@!@
  |line 168, col 21 to line 168, col 31 of module MoreComplexThread: 32
@!@!@ENDMSG 2221 @!@!@
@!@!@STARTMSG 2221:0 @!@!@
  |line 168, col 38 to line 168, col 47 of module MoreComplexThread: 24
@!@!@ENDMSG 2221 @!@!@
@!@!@STARTMSG 2221:0 @!@!@
  line 169, col 24 to line 171, col 61 of module MoreComplexThread: 22
@!@!@ENDMSG 2221 @!@!@
@!@!@STARTMSG 2221:0 @!@!@
  line 172, col 27 to line 172, col 62 of module MoreComplexThread: 10
@!@!@ENDMSG 2221 @!@!@
@!@!@STARTMSG 2221:0 @!@!@
  line 173, col 27 to line 173, col 57 of module MoreComplexThread: 10
@!@!@ENDMSG 2221 @!@!@
@!@!@STARTMSG 2221:0 @!@!@
  line 174, col 16 to line 174, col 69 of module MoreComplexThread: 32
@!@!@ENDMSG 2221 @!@!@
@!@!@STARTMSG 2772:0 @!@!@
<T0_step3 line 176, col 1 to line 176, col 8 of module MoreComplexThread>: 15:22
@!@!@ENDMSG 2772 @!@!@
@!@!@STARTMSG 2221:0 @!@!@
  line 176, col 16 to line 176, col 33 of module MoreComplexThread: 268
@!@!@ENDMSG 2221 @!@!@
@!@!@STARTMSG 2221:0 @!@!@
  |line 176, col 16 to line 176, col 20 of module MoreComplexThread: 246
@!@!@ENDMSG 2221 @!@!@
@!@!@STARTMSG 2221:0 @!@!@
  line 177, col 18 to line 177, col 28 of module MoreComplexThread: 22
@!@!@ENDMSG 2221 @!@!@
@!@!@STARTMSG 2221:0 @!@!@
  line 177, col 35 to line 177, col 44 of module MoreComplexThread: 44
@!@!@ENDMSG 2221 @!@!@
@!@!@STARTMSG 2221:0 @!@!@
  |line 177, col 35 to line 177, col 40 of module MoreComplexThread: 22
@!@!@ENDMSG 2221 @!@!@
@!@!@STARTMSG 2221:0 @!@!@
  line 178, col 16 to line 178, col 27 of module MoreComplexThread: 22
@!@!@ENDMSG 2221 @!@!@
@!@!@STARTMSG 2221:0 @!@!@
  line 179, col 16 to line 179, col 35 of module MoreComplexThread: 22
@!@!@ENDMSG 2221 @!@!@
@!@!@STARTMSG 2221:0 @!@!@
  line 180, col 16 to line 180, col 50 of module MoreComplexThread: 22
@!@!@ENDMSG 2221 @!@!@
@!@!@STARTMSG 2221:0 @!@!@
  line 181, col 16 to line 181, col 69 of module MoreComplexThread: 22
@!@!@ENDMSG 2221 @!@!@
@!@!@STARTMSG 2772:0 @!@!@
<T0_step4 line 183, col 1 to line 183, col 8 of module MoreComplexThread>: 16:21
@!@!@ENDMSG 2772 @!@!@
@!@!@STARTMSG 2221:0 @!@!@
  line 183, col 16 to line 183, col 33 of module MoreComplexThread: 266
@!@!@ENDMSG 2221 @!@!@
@!@!@STARTMSG 2221:0 @!@!@
  |line 183, col 16 to line 183, col 20 of module MoreComplexThread: 245
@!@!@ENDMSG 2221 @!@!@
@!@!@STARTMSG 2221:0 @!@!@
  line 184, col 18 to line 184, col 28 of module MoreComplexThread: 42
@!@!@ENDMSG 2221 @!@!@
@!@!@STARTMSG 2221:0 @!@!@
  |line 184, col 18 to line 184, col 24 of module MoreComplexThread: 21
@!@!@ENDMSG 2221 @!@!@
@!@!@STARTMSG 2221:0 @!@!@
  line 184, col 35 to line 184, col 44 of module MoreComplexThread: 21
@!@!@ENDMSG 2221 @!@!@
@!@!@STARTMSG 2221:0 @!@!@
  line 185, col 16 to line 185, col 35 of module MoreComplexThread: 21
@!@!@ENDMSG 2221 @!@!@
@!@!@STARTMSG 2221:0 @!@!@
  line 186, col 16 to line 186, col 27 of module MoreComplexThread: 21
@!@!@ENDMSG 2221 @!@!@
@!@!@STARTMSG 2221:0 @!@!@
  line 187, col 16 to line 187, col 50 of module MoreComplexThread: 21
@!@!@ENDMSG 2221 @!@!@
@!@!@STARTMSG 2221:0 @!@!@
  line 188, col 16 to line 188, col 69 of module MoreComplexThread: 21
@!@!@ENDMSG 2221 @!@!@
@!@!@STARTMSG 2772:0 @!@!@
<T0_step5 line 190, col 1 to line 190, col 8 of module MoreComplexThread>: 16:21
@!@!@ENDMSG 2772 @!@!@
@!@!@STARTMSG 2221:0 @!@!@
  line 190, col 16 to line 190, col 33 of module MoreComplexThread: 265
@!@!@ENDMSG 2221 @!@!@
@!@!@STARTMSG 2221:0 @!@!@
  |line 190, col 16 to line 190, col 20 of module MoreComplexThread: 244
@!@!@ENDMSG 2221 @!@!@
@!@!@STARTMSG 2221:0 @!@!@
  line 191, col 16 to line 191, col 19 of module MoreComplexThread: 21
@!@!@ENDMSG 2221 @!@!@
@!@!@STARTMSG 2221:0 @!@!@
  line 192, col 16 to line 192, col 50 of module MoreComplexThread: 21
@!@!@ENDMSG 2221 @!@!@
@!@!@STARTMSG 2221:0 @!@!@
  line 193, col 16 to line 194, col 38 of module MoreComplexThread: 21
@!@!@ENDMSG 2221 @!@!@
@!@!@STARTMSG 2772:0 @!@!@
<T0_step6 line 196, col 1 to line 196, col 8 of module MoreComplexThread>: 17:22
@!@!@ENDMSG 2772 @!@!@
@!@!@STARTMSG 2221:0 @!@!@
  line 196, col 16 to line 196, col 33 of module MoreComplexThread: 265
@!@!@ENDMSG 2221 @!@!@
@!@!@STARTMSG 2221:0 @!@!@
  |line 196, col 16 to line 196, col 20 of module MoreComplexThread: 243
@!@!@ENDMSG 2221 @!@!@
@!@!@STARTMSG 2221:0 @!@!@
  line 197, col 16 to line 197, col 35 of module MoreComplexThread: 22
@!@!@ENDMSG 2221 @!@!@
@!@!@STARTMSG 2221:0 @!@!@
  line 198, col 20 to line 198, col 30 of module MoreComplexThread: 22
@!@!@ENDMSG 2221 @!@!@
@!@!@STARTMSG 2221:0 @!@!@
  line 199, col 27 to line 199, col 38 of module MoreComplexThread: 0
@!@!@ENDMSG 2221 @!@!@
@!@!@STARTMSG 2221:0 @!@!@
  line 200, col 27 to line 200, col 30 of module MoreComplexThread: 22
@!@!@ENDMSG 2221 @!@!@
@!@!@STARTMSG 2221:0 @!@!@
  line 201, col 27 to line 201, col 43 of module MoreComplexThread: 22
@!@!@ENDMSG 2221 @!@!@
@!@!@STARTMSG 2221:0 @!@!@
  line 202, col 16 to line 202, col 50 of module MoreComplexThread: 22
@!@!@ENDMSG 2221 @!@!@
@!@!@STARTMSG 2221:0 @!@!@
  line 203, col 16 to line 203, col 69 of module MoreComplexThread: 22
@!@!@ENDMSG 2221 @!@!@
@!@!@STARTMSG 2772:0 @!@!@
<T0_step7 line 205, col 1 to line 205, col 8 of module MoreComplexThread>: 13:14
@!@!@ENDMSG 2772 @!@!@
@!@!@STARTMSG 2221:0 @!@!@
  line 205, col 16 to line 205, col 33 of module MoreComplexThread: 256
@!@!@ENDMSG 2221 @!@!@
@!@!@STARTMSG 2221:0 @!@!@
  |line 205, col 16 to line 205, col 20 of module MoreComplexThread: 242
@!@!@ENDMSG 2221 @!@!@
@!@!@STARTMSG 2221:0 @!@!@
  line 206, col 18 to line 206, col 28 of module MoreComplexThread: 19
@!@!@ENDMSG 2221 @!@!@
@!@!@STARTMSG 2221:0 @!@!@
  line 206, col 35 to line 206, col 44 of module MoreComplexThread: 33
@!@!@ENDMSG 2221 @!@!@
@!@!@STARTMSG 2221:0 @!@!@
  |line 206, col 35 to line 206, col 40 of module MoreComplexThread: 19
@!@!@ENDMSG 2221 @!@!@
@!@!@STARTMSG 2221:0 @!@!@
  line 207, col 16 to line 207, col 27 of module MoreComplexThread: 14
@!@!@ENDMSG 2221 @!@!@
@!@!@STARTMSG 2221:0 @!@!@
  line 208, col 16 to line 208, col 35 of module MoreComplexThread: 14
@!@!@ENDMSG 2221 @!@!@
@!@!@STARTMSG 2221:0 @!@!@
  line 209, col 16 to line 209, col 50 of module MoreComplexThread: 14
@!@!@ENDMSG 2221 @!@!@
@!@!@STARTMSG 2221:0 @!@!@
  line 210, col 16 to line 210, col 69 of module MoreComplexThread: 14
@!@!@ENDMSG 2221 @!@!@
@!@!@STARTMSG 2772:0 @!@!@
<T0_step8 line 212, col 1 to line 212, col 8 of module MoreComplexThread>: 9:13
@!@!@ENDMSG 2772 @!@!@
@!@!@STARTMSG 2221:0 @!@!@
  line 212, col 16 to line 212, col 33 of module MoreComplexThread: 255
@!@!@ENDMSG 2221 @!@!@
@!@!@STARTMSG 2221:0 @!@!@
  |line 212, col 16 to line 212, col 20 of module MoreComplexThread: 242
@!@!@ENDMSG 2221 @!@!@
@!@!@STARTMSG 2221:0 @!@!@
  line 213, col 16 to line 213, col 28 of module MoreComplexThread: 13
@!@!@ENDMSG 2221 @!@!@
@!@!@STARTMSG 2221:0 @!@!@
  line 214, col 16 to line 214, col 50 of module MoreComplexThread: 13
@!@!@ENDMSG 2221 @!@!@
@!@!@STARTMSG 2221:0 @!@!@
  line 215, col 16 to line 215, col 80 of module MoreComplexThread: 13
@!@!@ENDMSG 2221 @!@!@
@!@!@STARTMSG 2772:0 @!@!@
<T0_step9 line 217, col 1 to line 217, col 8 of module MoreComplexThread>: 8:10
@!@!@ENDMSG 2772 @!@!@
@!@!@STARTMSG 2221:0 @!@!@
  line 217, col 16 to line 217, col 33 of module MoreComplexThread: 252
@!@!@ENDMSG 2221 @!@!@
@!@!@STARTMSG 2221:0 @!@!@
  |line 217, col 16 to line 217, col 20 of module MoreComplexThread: 242
@!@!@ENDMSG 2221 @!@!@
@!@!@STARTMSG 2221:0 @!@!@
  line 218, col 16 to line 218, col 35 of module MoreComplexThread: 10
@!@!@ENDMSG 2221 @!@!@
@!@!@STARTMSG 2221:0 @!@!@
  line 219, col 20 to line 219, col 30 of module MoreComplexThread: 10
@!@!@ENDMSG 2221 @!@!@
@!@!@STARTMSG 2221:0 @!@!@
  line 220, col 24 to line 220, col 38 of module MoreComplexThread: 10
@!@!@ENDMSG 2221 @!@!@
@!@!@STARTMSG 2221:0 @!@!@
  line 222, col 27 to line 222, col 43 of module MoreComplexThread: 0
@!@!@ENDMSG 2221 @!@!@
@!@!@STARTMSG 2221:0 @!@!@
  line 223, col 16 to line 223, col 51 of module MoreComplexThread: 10
@!@!@ENDMSG 2221 @!@!@
@!@!@STARTMSG 2221:0 @!@!@
  line 224, col 16 to line 224, col 69 of module MoreComplexThread: 10
@!@!@ENDMSG 2221 @!@!@
@!@!@STARTMSG 2772:0 @!@!@
<T0_step10 line 226, col 1 to line 226, col 9 of module MoreComplexThread>: 8:9
@!@!@ENDMSG 2772 @!@!@
@!@!@STARTMSG 2221:0 @!@!@
  line 226, col 17 to line 226, col 35 of module MoreComplexThread: 251
@!@!@ENDMSG 2221 @!@!@
@!@!@STARTMSG 2221:0 @!@!@
  |line 226, col 17 to line 226, col 21 of module MoreComplexThread: 242
@!@!@ENDMSG 2221 @!@!@
@!@!@STARTMSG 2221:0 @!@!@
  line 227, col 17 to line 227, col 36 of module MoreComplexThread: 9
@!@!@ENDMSG 2221 @!@!@
@!@!@STARTMSG 2221:0 @!@!@
  line 228, col 21 to line 228, col 31 of module MoreComplexThread: 9
@!@!@ENDMSG 2221 @!@!@
@!@!@STARTMSG 2221:0 @!@!@
  line 229, col 25 to line 229, col 39 of module MoreComplexThread: 9
@!@!@ENDMSG 2221 @!@!@
@!@!@STARTMSG 2221:0 @!@!@
  line 231, col 28 to line 231, col 44 of module MoreComplexThread: 0
@!@!@ENDMSG 2221 @!@!@
@!@!@STARTMSG 2221:0 @!@!@
  line 232, col 17 to line 232, col 51 of module MoreComplexThread: 9
@!@!@ENDMSG 2221 @!@!@
@!@!@STARTMSG 2221:0 @!@!@
  line 233, col 17 to line 233, col 70 of module MoreComplexThread: 9
@!@!@ENDMSG 2221 @!@!@
@!@!@STARTMSG 2772:0 @!@!@
<T0_step11 line 235, col 1 to line 235, col 9 of module MoreComplexThread>: 3:11
@!@!@ENDMSG 2772 @!@!@
@!@!@STARTMSG 2221:0 @!@!@
  line 235, col 17 to line 235, col 35 of module MoreComplexThread: 253
@!@!@ENDMSG 2221 @!@!@
@!@!@STARTMSG 2221:0 @!@!@
  |line 235, col 17 to line 235, col 21 of module MoreComplexThread: 242
@!@!@ENDMSG 2221 @!@!@
@!@!@STARTMSG 2221:0 @!@!@
  line 236, col 19 to line 236, col 29 of module MoreComplexThread: 21
@!@!@ENDMSG 2221 @!@!@
@!@!@STARTMSG 2221:0 @!@!@
  line 236, col 36 to line 236, col 45 of module MoreComplexThread: 32
@!@!@ENDMSG 2221 @!@!@
@!@!@STARTMSG 2221:0 @!@!@
  |line 236, col 36 to line 236, col 41 of module MoreComplexThread: 21
@!@!@ENDMSG 2221 @!@!@
@!@!@STARTMSG 2221:0 @!@!@
  line 237, col 17 to line 237, col 36 of module MoreComplexThread: 11
@!@!@ENDMSG 2221 @!@!@
@!@!@STARTMSG 2221:0 @!@!@
  line 238, col 17 to line 238, col 28 of module MoreComplexThread: 11
@!@!@ENDMSG 2221 @!@!@
@!@!@STARTMSG 2221:0 @!@!@
  line 239, col 17 to line 239, col 52 of module MoreComplexThread: 11
@!@!@ENDMSG 2221 @!@!@
@!@!@STARTMSG 2221:0 @!@!@
  line 240, col 17 to line 240, col 70 of module MoreComplexThread: 11
@!@!@ENDMSG 2221 @!@!@
@!@!@STARTMSG 2772:0 @!@!@
<T0_step12 line 242, col 1 to line 242, col 9 of module MoreComplexThread>: 5:12
@!@!@ENDMSG 2772 @!@!@
@!@!@STARTMSG 2221:0 @!@!@
  line 242, col 17 to line 242, col 35 of module MoreComplexThread: 253
@!@!@ENDMSG 2221 @!@!@
@!@!@STARTMSG 2221:0 @!@!@
  |line 242, col 17 to line 242, col 21 of module MoreComplexThread: 241
@!@!@ENDMSG 2221 @!@!@
@!@!@STARTMSG 2221:0 @!@!@
  line 243, col 17 to line 243, col 28 of module MoreComplexThread: 12
@!@!@ENDMSG 2221 @!@!@
@!@!@STARTMSG 2221:0 @!@!@
  line 244, col 17 to line 244, col 52 of module MoreComplexThread: 12
@!@!@ENDMSG 2221 @!@!@
@!@!@STARTMSG 2221:0 @!@!@
  line 245, col 17 to line 245, col 81 of module MoreComplexThread: 12
@!@!@ENDMSG 2221 @!@!@
@!@!@STARTMSG 2772:0 @!@!@
<T0_step13 line 247, col 1 to line 247, col 9 of module MoreComplexThread>: 3:12
@!@!@ENDMSG 2772 @!@!@
@!@!@STARTMSG 2221:0 @!@!@
  line 247, col 17 to line 247, col 35 of module MoreComplexThread: 252
@!@!@ENDMSG 2221 @!@!@
@!@!@STARTMSG 2221:0 @!@!@
  |line 247, col 17 to line 247, col 21 of module MoreComplexThread: 240
@!@!@ENDMSG 2221 @!@!@
@!@!@STARTMSG 2221:0 @!@!@
  line 248, col 17 to line 248, col 36 of module MoreComplexThread: 12
@!@!@ENDMSG 2221 @!@!@
@!@!@STARTMSG 2221:0 @!@!@
  line 249, col 21 to line 249, col 31 of module MoreComplexThread: 12
@!@!@ENDMSG 2221 @!@!@
@!@!@STARTMSG 2221:0 @!@!@
  line 250, col 25 to line 250, col 39 of module MoreComplexThread: 12
@!@!@ENDMSG 2221 @!@!@
@!@!@STARTMSG 2221:0 @!@!@
  line 252, col 28 to line 252, col 44 of module MoreComplexThread: 0
@!@!@ENDMSG 2221 @!@!@
@!@!@STARTMSG 2221:0 @!@!@
  line 253, col 17 to line 253, col 51 of module MoreComplexThread: 12
@!@!@ENDMSG 2221 @!@!@
@!@!@STARTMSG 2221:0 @!@!@
  line 254, col 17 to line 254, col 70 of module MoreComplexThread: 12
@!@!@ENDMSG 2221 @!@!@
@!@!@STARTMSG 2772:0 @!@!@
<T1_step1 line 260, col 1 to line 260, col 8 of module MoreComplexThread>: 27:55
@!@!@ENDMSG 2772 @!@!@
@!@!@STARTMSG 2221:0 @!@!@
  line 260, col 16 to line 260, col 33 of module MoreComplexThread: 294
@!@!@ENDMSG 2221 @!@!@
@!@!@STARTMSG 2221:0 @!@!@
  |line 260, col 16 to line 260, col 20 of module MoreComplexThread: 239
@!@!@ENDMSG 2221 @!@!@
@!@!@STARTMSG 2221:0 @!@!@
  line 261, col 16 to line 261, col 50 of module MoreComplexThread: 55
@!@!@ENDMSG 2221 @!@!@
@!@!@STARTMSG 2221:0 @!@!@
  line 262, col 16 to line 263, col 38 of module MoreComplexThread: 55
@!@!@ENDMSG 2221 @!@!@
@!@!@STARTMSG 2772:0 @!@!@
<T1_step2 line 265, col 1 to line 265, col 8 of module MoreComplexThread>: 18:53
@!@!@ENDMSG 2772 @!@!@
@!@!@STARTMSG 2221:0 @!@!@
  line 265, col 16 to line 265, col 33 of module MoreComplexThread: 290
@!@!@ENDMSG 2221 @!@!@
@!@!@STARTMSG 2221:0 @!@!@
  |line 265, col 16 to line 265, col 20 of module MoreComplexThread: 237
@!@!@ENDMSG 2221 @!@!@
@!@!@STARTMSG 2221:0 @!@!@
  line 266, col 20 to line 266, col 23 of module MoreComplexThread: 53
@!@!@ENDMSG 2221 @!@!@
@!@!@STARTMSG 2221:0 @!@!@
  line 267, col 24 to line 267, col 61 of module MoreComplexThread: 12
@!@!@ENDMSG 2221 @!@!@
@!@!@STARTMSG 2221:0 @!@!@
  line 268, col 24 to line 268, col 61 of module MoreComplexThread: 41
@!@!@ENDMSG 2221 @!@!@
@!@!@STARTMSG 2221:0 @!@!@
  line 269, col 16 to line 270, col 38 of module MoreComplexThread: 53
@!@!@ENDMSG 2221 @!@!@
@!@!@STARTMSG 2772:0 @!@!@
<T1_step3 line 272, col 1 to line 272, col 8 of module MoreComplexThread>: 8:17
@!@!@ENDMSG 2772 @!@!@
@!@!@STARTMSG 2221:0 @!@!@
  line 272, col 16 to line 272, col 33 of module MoreComplexThread: 252
@!@!@ENDMSG 2221 @!@!@
@!@!@STARTMSG 2221:0 @!@!@
  |line 272, col 16 to line 272, col 20 of module MoreComplexThread: 235
@!@!@ENDMSG 2221 @!@!@
@!@!@STARTMSG 2221:0 @!@!@
  line 273, col 18 to line 273, col 28 of module MoreComplexThread: 21
@!@!@ENDMSG 2221 @!@!@
@!@!@STARTMSG 2221:0 @!@!@
  line 273, col 35 to line 273, col 44 of module MoreComplexThread: 38
@!@!@ENDMSG 2221 @!@!@
@!@!@STARTMSG 2221:0 @!@!@
  |line 273, col 35 to line 273, col 40 of module MoreComplexThread: 21
@!@!@ENDMSG 2221 @!@!@
@!@!@STARTMSG 2221:0 @!@!@
  line 274, col 16 to line 274, col 35 of module MoreComplexThread: 17
@!@!@ENDMSG 2221 @!@!@
@!@!@STARTMSG 2221:0 @!@!@
  line 275, col 16 to line 275, col 27 of module MoreComplexThread: 17
@!@!@ENDMSG 2221 @!@!@
@!@!@STARTMSG 2221:0 @!@!@
  line 276, col 16 to line 276, col 50 of module MoreComplexThread: 17
@!@!@ENDMSG 2221 @!@!@
@!@!@STARTMSG 2221:0 @!@!@
  line 277, col 16 to line 277, col 69 of module MoreComplexThread: 17
@!@!@ENDMSG 2221 @!@!@
@!@!@STARTMSG 2772:0 @!@!@
<T1_step4 line 279, col 1 to line 279, col 8 of module MoreComplexThread>: 3:3
@!@!@ENDMSG 2772 @!@!@
@!@!@STARTMSG 2221:0 @!@!@
  line 279, col 16 to line 279, col 33 of module MoreComplexThread: 237
@!@!@ENDMSG 2221 @!@!@
@!@!@STARTMSG 2221:0 @!@!@
  |line 279, col 16 to line 279, col 20 of module MoreComplexThread: 234
@!@!@ENDMSG 2221 @!@!@
@!@!@STARTMSG 2221:0 @!@!@
  line 280, col 18 to line 280, col 28 of module MoreComplexThread: 15
@!@!@ENDMSG 2221 @!@!@
@!@!@STARTMSG 2221:0 @!@!@
  line 280, col 35 to line 280, col 44 of module MoreComplexThread: 18
@!@!@ENDMSG 2221 @!@!@
@!@!@STARTMSG 2221:0 @!@!@
  |line 280, col 35 to line 280, col 40 of module MoreComplexThread: 15
@!@!@ENDMSG 2221 @!@!@
@!@!@STARTMSG 2221:0 @!@!@
  line 281, col 16 to line 281, col 35 of module MoreComplexThread: 3
@!@!@ENDMSG 2221 @!@!@
@!@!@STARTMSG 2221:0 @!@!@
  line 282, col 16 to line 282, col 27 of module MoreComplexThread: 3
@!@!@ENDMSG 2221 @!@!@
@!@!@STARTMSG 2221:0 @!@!@
  line 283, col 16 to line 283, col 50 of module MoreComplexThread: 3
@!@!@ENDMSG 2221 @!@!@
@!@!@STARTMSG 2221:0 @!@!@
  line 284, col 16 to line 284, col 69 of module MoreComplexThread: 3
@!@!@ENDMSG 2221 @!@!@
@!@!@STARTMSG 2772:0 @!@!@
<T1_step5 line 286, col 1 to line 286, col 8 of module MoreComplexThread>: 3:3
@!@!@ENDMSG 2772 @!@!@
@!@!@STARTMSG 2221:0 @!@!@
  line 286, col 16 to line 286, col 33 of module MoreComplexThread: 237
@!@!@ENDMSG 2221 @!@!@
@!@!@STARTMSG 2221:0 @!@!@
  |line 286, col 16 to line 286, col 20 of module MoreComplexThread: 234
@!@!@ENDMSG 2221 @!@!@
@!@!@STARTMSG 2221:0 @!@!@
  line 287, col 16 to line 287, col 28 of module MoreComplexThread: 3
@!@!@ENDMSG 2221 @!@!@
@!@!@STARTMSG 2221:0 @!@!@
  line 288, col 16 to line 288, col 50 of module MoreComplexThread: 3
@!@!@ENDMSG 2221 @!@!@
@!@!@STARTMSG 2221:0 @!@!@
  line 289, col 16 to line 289, col 80 of module MoreComplexThread: 3
@!@!@ENDMSG 2221 @!@!@
@!@!@STARTMSG 2772:0 @!@!@
<T1_step6 line 291, col 1 to line 291, col 8 of module MoreComplexThread>: 1:3
@!@!@ENDMSG 2772 @!@!@
@!@!@STARTMSG 2221:0 @!@!@
  line 291, col 16 to line 291, col 33 of module MoreComplexThread: 237
@!@!@ENDMSG 2221 @!@!@
@!@!@STARTMSG 2221:0 @!@!@
  |line 291, col 16 to line 291, col 20 of module MoreComplexThread: 234
@!@!@ENDMSG 2221 @!@!@
@!@!@STARTMSG 2221:0 @!@!@
  line 292, col 16 to line 292, col 19 of module MoreComplexThread: 3
@!@!@ENDMSG 2221 @!@!@
@!@!@STARTMSG 2221:0 @!@!@
  line 293, col 16 to line 293, col 50 of module MoreComplexThread: 3
@!@!@ENDMSG 2221 @!@!@
@!@!@STARTMSG 2221:0 @!@!@
  line 294, col 16 to line 295, col 38 of module MoreComplexThread: 3
@!@!@ENDMSG 2221 @!@!@
@!@!@STARTMSG 2772:0 @!@!@
<T1_step7 line 297, col 1 to line 297, col 8 of module MoreComplexThread>: 3:3
@!@!@ENDMSG 2772 @!@!@
@!@!@STARTMSG 2221:0 @!@!@
  line 297, col 16 to line 297, col 33 of module MoreComplexThread: 237
@!@!@ENDMSG 2221 @!@!@
@!@!@STARTMSG 2221:0 @!@!@
  |line 297, col 16 to line 297, col 20 of module MoreComplexThread: 234
@!@!@ENDMSG 2221 @!@!@
@!@!@STARTMSG 2221:0 @!@!@
  line 298, col 16 to line 298, col 35 of module MoreComplexThread: 3
@!@!@ENDMSG 2221 @!@!@
@!@!@STARTMSG 2221:0 @!@!@
  line 299, col 20 to line 299, col 30 of module MoreComplexThread: 3
@!@!@ENDMSG 2221 @!@!@
@!@!@STARTMSG 2221:0 @!@!@
  line 300, col 24 to line 300, col 38 of module MoreComplexThread: 3
@!@!@ENDMSG 2221 @!@!@
@!@!@STARTMSG 2221:0 @!@!@
  line 302, col 27 to line 302, col 43 of module MoreComplexThread: 0
@!@!@ENDMSG 2221 @!@!@
@!@!@STARTMSG 2221:0 @!@!@
  line 303, col 16 to line 303, col 50 of module MoreComplexThread: 3
@!@!@ENDMSG 2221 @!@!@
@!@!@STARTMSG 2221:0 @!@!@
  line 304, col 16 to line 304, col 69 of module MoreComplexThread: 3
@!@!@ENDMSG 2221 @!@!@
@!@!@STARTMSG 2772:0 @!@!@
<T1_step8 line 306, col 1 to line 306, col 8 of module MoreComplexThread>: 5:8
@!@!@ENDMSG 2772 @!@!@
@!@!@STARTMSG 2221:0 @!@!@
  line 306, col 16 to line 306, col 33 of module MoreComplexThread: 242
@!@!@ENDMSG 2221 @!@!@
@!@!@STARTMSG 2221:0 @!@!@
  |line 306, col 16 to line 306, col 20 of module MoreComplexThread: 234
@!@!@ENDMSG 2221 @!@!@
@!@!@STARTMSG 2221:0 @!@!@
  line 307, col 18 to line 307, col 28 of module MoreComplexThread: 16
@!@!@ENDMSG 2221 @!@!@
@!@!@STARTMSG 2221:0 @!@!@
  |line 307, col 18 to line 307, col 24 of module MoreComplexThread: 8
@!@!@ENDMSG 2221 @!@!@
@!@!@STARTMSG 2221:0 @!@!@
  line 307, col 35 to line 307, col 44 of module MoreComplexThread: 8
@!@!@ENDMSG 2221 @!@!@
@!@!@STARTMSG 2221:0 @!@!@
  line 308, col 16 to line 308, col 35 of module MoreComplexThread: 8
@!@!@ENDMSG 2221 @!@!@
@!@!@STARTMSG 2221:0 @!@!@
  line 309, col 16 to line 309, col 27 of module MoreComplexThread: 8
@!@!@ENDMSG 2221 @!@!@
@!@!@STARTMSG 2221:0 @!@!@
  line 310, col 16 to line 310, col 50 of module MoreComplexThread: 8
@!@!@ENDMSG 2221 @!@!@
@!@!@STARTMSG 2221:0 @!@!@
  line 311, col 16 to line 311, col 69 of module MoreComplexThread: 8
@!@!@ENDMSG 2221 @!@!@
@!@!@STARTMSG 2772:0 @!@!@
<T1_step9 line 313, col 1 to line 313, col 8 of module MoreComplexThread>: 6:12
@!@!@ENDMSG 2772 @!@!@
@!@!@STARTMSG 2221:0 @!@!@
  line 313, col 16 to line 313, col 33 of module MoreComplexThread: 246
@!@!@ENDMSG 2221 @!@!@
@!@!@STARTMSG 2221:0 @!@!@
  |line 313, col 16 to line 313, col 20 of module MoreComplexThread: 234
@!@!@ENDMSG 2221 @!@!@
@!@!@STARTMSG 2221:0 @!@!@
  line 314, col 18 to line 314, col 28 of module MoreComplexThread: 50
@!@!@ENDMSG 2221 @!@!@
@!@!@STARTMSG 2221:0 @!@!@
  line 314, col 35 to line 314, col 44 of module MoreComplexThread: 62
@!@!@ENDMSG 2221 @!@!@
@!@!@STARTMSG 2221:0 @!@!@
  |line 314, col 35 to line 314, col 40 of module MoreComplexThread: 50
@!@!@ENDMSG 2221 @!@!@
@!@!@STARTMSG 2221:0 @!@!@
  line 315, col 16 to line 315, col 35 of module MoreComplexThread: 12
@!@!@ENDMSG 2221 @!@!@
@!@!@STARTMSG 2221:0 @!@!@
  line 316, col 16 to line 316, col 27 of module MoreComplexThread: 12
@!@!@ENDMSG 2221 @!@!@
@!@!@STARTMSG 2221:0 @!@!@
  line 317, col 16 to line 317, col 51 of module MoreComplexThread: 12
@!@!@ENDMSG 2221 @!@!@
@!@!@STARTMSG 2221:0 @!@!@
  line 318, col 16 to line 318, col 69 of module MoreComplexThread: 12
@!@!@ENDMSG 2221 @!@!@
@!@!@STARTMSG 2772:0 @!@!@
<T1_step10 line 320, col 1 to line 320, col 9 of module MoreComplexThread>: 7:14
@!@!@ENDMSG 2772 @!@!@
@!@!@STARTMSG 2221:0 @!@!@
  line 320, col 17 to line 320, col 35 of module MoreComplexThread: 247
@!@!@ENDMSG 2221 @!@!@
@!@!@STARTMSG 2221:0 @!@!@
  |line 320, col 17 to line 320, col 21 of module MoreComplexThread: 233
@!@!@ENDMSG 2221 @!@!@
@!@!@STARTMSG 2221:0 @!@!@
  line 321, col 17 to line 321, col 29 of module MoreComplexThread: 14
@!@!@ENDMSG 2221 @!@!@
@!@!@STARTMSG 2221:0 @!@!@
  line 322, col 17 to line 322, col 52 of module MoreComplexThread: 14
@!@!@ENDMSG 2221 @!@!@
@!@!@STARTMSG 2221:0 @!@!@
  line 323, col 17 to line 323, col 81 of module MoreComplexThread: 14
@!@!@ENDMSG 2221 @!@!@
@!@!@STARTMSG 2772:0 @!@!@
<T1_step11 line 325, col 1 to line 325, col 9 of module MoreComplexThread>: 6:14
@!@!@ENDMSG 2772 @!@!@
@!@!@STARTMSG 2221:0 @!@!@
  line 325, col 17 to line 325, col 35 of module MoreComplexThread: 246
@!@!@ENDMSG 2221 @!@!@
@!@!@STARTMSG 2221:0 @!@!@
  |line 325, col 17 to line 325, col 21 of module MoreComplexThread: 232
@!@!@ENDMSG 2221 @!@!@
@!@!@STARTMSG 2221:0 @!@!@
  line 326, col 17 to line 326, col 36 of module MoreComplexThread: 14
@!@!@ENDMSG 2221 @!@!@
@!@!@STARTMSG 2221:0 @!@!@
  line 327, col 21 to line 327, col 31 of module MoreComplexThread: 14
@!@!@ENDMSG 2221 @!@!@
@!@!@STARTMSG 2221:0 @!@!@
  line 328, col 25 to line 328, col 39 of module MoreComplexThread: 14
@!@!@ENDMSG 2221 @!@!@
@!@!@STARTMSG 2221:0 @!@!@
  line 330, col 28 to line 330, col 44 of module MoreComplexThread: 0
@!@!@ENDMSG 2221 @!@!@
@!@!@STARTMSG 2221:0 @!@!@
  line 331, col 17 to line 331, col 51 of module MoreComplexThread: 14
@!@!@ENDMSG 2221 @!@!@
@!@!@STARTMSG 2221:0 @!@!@
  line 332, col 17 to line 332, col 70 of module MoreComplexThread: 14
@!@!@ENDMSG 2221 @!@!@
@!@!@STARTMSG 2772:0 @!@!@
<Terminating line 339, col 1 to line 339, col 11 of module MoreComplexThread>: 0:0
@!@!@ENDMSG 2772 @!@!@
@!@!@STARTMSG 2221:0 @!@!@
  line 339, col 19 to line 339, col 56 of module MoreComplexThread: 231
@!@!@ENDMSG 2221 @!@!@
@!@!@STARTMSG 2221:0 @!@!@
  line 340, col 19 to line 340, col 32 of module MoreComplexThread: 0
@!@!@ENDMSG 2221 @!@!@
@!@!@STARTMSG 2774:0 @!@!@
<MutualExclusion line 357, col 1 to line 357, col 15 of module MoreComplexThread>
@!@!@ENDMSG 2774 @!@!@
@!@!@STARTMSG 2221:0 @!@!@
  line 357, col 20 to line 357, col 60 of module MoreComplexThread: 237
@!@!@ENDMSG 2221 @!@!@
@!@!@STARTMSG 2202:0 @!@!@
End of statistics.
@!@!@ENDMSG 2202 @!@!@
@!@!@STARTMSG 2200:0 @!@!@
Progress(32) at 2021-04-27 20:45:56: 394 states generated (19 266 s/min), 237 distinct states found (11 589 ds/min), 6 states left on queue.
@!@!@ENDMSG 2200 @!@!@
@!@!@STARTMSG 2199:0 @!@!@
394 states generated, 237 distinct states found, 6 states left on queue.
@!@!@ENDMSG 2199 @!@!@
@!@!@STARTMSG 2194:0 @!@!@
The depth of the complete state graph search is 32.
@!@!@ENDMSG 2194 @!@!@
@!@!@STARTMSG 2268:0 @!@!@
The average outdegree of the complete state graph is 1 (minimum is 0, the maximum 2 and the 95th percentile is 2).
@!@!@ENDMSG 2268 @!@!@
@!@!@STARTMSG 2186:0 @!@!@
Finished in 1227ms at (2021-04-27 20:45:56)
@!@!@ENDMSG 2186 @!@!@
