@!@!@STARTMSG 2262:0 @!@!@
TLC2 Version 2.16 of 31 December 2020 (rev: cdddf55)
@!@!@ENDMSG 2262 @!@!@
@!@!@STARTMSG 2187:0 @!@!@
Running breadth-first search Model-Checking with fp 109 and seed -4977880459406492302 with 4 workers on 8 cores with 1205MB heap and 2711MB offheap memory [pid: 10832] (Windows 10 10.0 amd64, AdoptOpenJDK 14.0.1 x86_64, OffHeapDiskFPSet, DiskStateQueue).
@!@!@ENDMSG 2187 @!@!@
@!@!@STARTMSG 2220:0 @!@!@
Starting SANY...
@!@!@ENDMSG 2220 @!@!@
Parsing file C:\Users\Elena\.tlaplus\amorecomplexthread\MoreComplexThread.toolbox\Model_1\MC.tla
Parsing file C:\Users\Elena\.tlaplus\amorecomplexthread\MoreComplexThread.toolbox\Model_1\MoreComplexThread.tla
Parsing file D:\Downloads\TLAToolbox-1.7.1-win32.win32.x86_64\toolbox\plugins\org.lamport.tlatools_1.0.0.202012311918\tla2sany\StandardModules\TLC.tla
Parsing file D:\Downloads\TLAToolbox-1.7.1-win32.win32.x86_64\toolbox\plugins\org.lamport.tlatools_1.0.0.202012311918\tla2sany\StandardModules\Integers.tla
Parsing file D:\Downloads\TLAToolbox-1.7.1-win32.win32.x86_64\toolbox\plugins\org.lamport.tlatools_1.0.0.202012311918\tla2sany\StandardModules\Sequences.tla
Parsing file D:\Downloads\TLAToolbox-1.7.1-win32.win32.x86_64\toolbox\plugins\org.lamport.tlatools_1.0.0.202012311918\tla2sany\StandardModules\Naturals.tla
Parsing file D:\Downloads\TLAToolbox-1.7.1-win32.win32.x86_64\toolbox\plugins\org.lamport.tlatools_1.0.0.202012311918\tla2sany\StandardModules\FiniteSets.tla
Semantic processing of module Naturals
Semantic processing of module Integers
Semantic processing of module Sequences
Semantic processing of module FiniteSets
Semantic processing of module TLC
Semantic processing of module MoreComplexThread
Semantic processing of module MC
@!@!@STARTMSG 2219:0 @!@!@
SANY finished.
@!@!@ENDMSG 2219 @!@!@
@!@!@STARTMSG 2185:0 @!@!@
Starting... (2021-04-27 01:09:53)
@!@!@ENDMSG 2185 @!@!@
@!@!@STARTMSG 2189:0 @!@!@
Computing initial states...
@!@!@ENDMSG 2189 @!@!@
@!@!@STARTMSG 2190:0 @!@!@
Finished computing initial states: 1 distinct state generated at 2021-04-27 01:09:53.
@!@!@ENDMSG 2190 @!@!@
@!@!@STARTMSG 2114:1 @!@!@
Deadlock reached.
@!@!@ENDMSG 2114 @!@!@
@!@!@STARTMSG 2121:1 @!@!@
The behavior up to this point is:
@!@!@ENDMSG 2121 @!@!@
@!@!@STARTMSG 2217:4 @!@!@
1: <Initial predicate>
/\ flag = FALSE
/\ mutex1 = 0
/\ mutex2 = 0
/\ mutex3 = 0
/\ holder1 = 2
/\ holder2 = 2
/\ holder3 = 2
/\ pc = (0 :> "T0_step1" @@ 1 :> "T1_step1")

@!@!@ENDMSG 2217 @!@!@
@!@!@STARTMSG 2217:4 @!@!@
2: <T1_step1 line 258, col 13 to line 261, col 38 of module MoreComplexThread>
/\ flag = FALSE
/\ mutex1 = 0
/\ mutex2 = 0
/\ mutex3 = 0
/\ holder1 = 2
/\ holder2 = 2
/\ holder3 = 2
/\ pc = (0 :> "T0_step1" @@ 1 :> "T1_step2")

@!@!@ENDMSG 2217 @!@!@
@!@!@STARTMSG 2217:4 @!@!@
3: <T0_step1 line 160, col 13 to line 163, col 38 of module MoreComplexThread>
/\ flag = FALSE
/\ mutex1 = 0
/\ mutex2 = 0
/\ mutex3 = 0
/\ holder1 = 2
/\ holder2 = 2
/\ holder3 = 2
/\ pc = (0 :> "T0_step2" @@ 1 :> "T1_step2")

@!@!@ENDMSG 2217 @!@!@
@!@!@STARTMSG 2217:4 @!@!@
4: <T1_step2 line 263, col 13 to line 268, col 38 of module MoreComplexThread>
/\ flag = FALSE
/\ mutex1 = 0
/\ mutex2 = 0
/\ mutex3 = 0
/\ holder1 = 2
/\ holder2 = 2
/\ holder3 = 2
/\ pc = (0 :> "T0_step2" @@ 1 :> "T1_step9")

@!@!@ENDMSG 2217 @!@!@
@!@!@STARTMSG 2217:4 @!@!@
5: <T1_step9 line 311, col 13 to line 316, col 69 of module MoreComplexThread>
/\ flag = FALSE
/\ mutex1 = 1
/\ mutex2 = 0
/\ mutex3 = 0
/\ holder1 = 1
/\ holder2 = 2
/\ holder3 = 2
/\ pc = (0 :> "T0_step2" @@ 1 :> "T1_step10")

@!@!@ENDMSG 2217 @!@!@
@!@!@STARTMSG 2217:4 @!@!@
6: <T0_step2 line 165, col 13 to line 172, col 69 of module MoreComplexThread>
/\ flag = FALSE
/\ mutex1 = 1
/\ mutex2 = 0
/\ mutex3 = 0
/\ holder1 = 1
/\ holder2 = 2
/\ holder3 = 2
/\ pc = (0 :> "T0_step11" @@ 1 :> "T1_step10")

@!@!@ENDMSG 2217 @!@!@
@!@!@STARTMSG 2217:4 @!@!@
7: <T1_step10 line 318, col 14 to line 321, col 81 of module MoreComplexThread>
/\ flag = FALSE
/\ mutex1 = 1
/\ mutex2 = 0
/\ mutex3 = 0
/\ holder1 = 1
/\ holder2 = 2
/\ holder3 = 2
/\ pc = (0 :> "T0_step11" @@ 1 :> "T1_step11")

@!@!@ENDMSG 2217 @!@!@
@!@!@STARTMSG 2217:4 @!@!@
8: <T1_step11 line 323, col 14 to line 330, col 70 of module MoreComplexThread>
/\ flag = FALSE
/\ mutex1 = 0
/\ mutex2 = 0
/\ mutex3 = 0
/\ holder1 = 2
/\ holder2 = 2
/\ holder3 = 2
/\ pc = (0 :> "T0_step11" @@ 1 :> "T1_step1")

@!@!@ENDMSG 2217 @!@!@
@!@!@STARTMSG 2217:4 @!@!@
9: <T0_step11 line 233, col 14 to line 238, col 70 of module MoreComplexThread>
/\ flag = FALSE
/\ mutex1 = 0
/\ mutex2 = 1
/\ mutex3 = 0
/\ holder1 = 2
/\ holder2 = 0
/\ holder3 = 2
/\ pc = (0 :> "T0_step12" @@ 1 :> "T1_step1")

@!@!@ENDMSG 2217 @!@!@
@!@!@STARTMSG 2217:4 @!@!@
10: <T0_step12 line 240, col 14 to line 243, col 81 of module MoreComplexThread>
/\ flag = TRUE
/\ mutex1 = 0
/\ mutex2 = 1
/\ mutex3 = 0
/\ holder1 = 2
/\ holder2 = 0
/\ holder3 = 2
/\ pc = (0 :> "T0_step13" @@ 1 :> "T1_step1")

@!@!@ENDMSG 2217 @!@!@
@!@!@STARTMSG 2217:4 @!@!@
11: <T1_step1 line 258, col 13 to line 261, col 38 of module MoreComplexThread>
/\ flag = TRUE
/\ mutex1 = 0
/\ mutex2 = 1
/\ mutex3 = 0
/\ holder1 = 2
/\ holder2 = 0
/\ holder3 = 2
/\ pc = (0 :> "T0_step13" @@ 1 :> "T1_step2")

@!@!@ENDMSG 2217 @!@!@
@!@!@STARTMSG 2217:4 @!@!@
12: <T0_step13 line 245, col 14 to line 252, col 70 of module MoreComplexThread>
/\ flag = TRUE
/\ mutex1 = 0
/\ mutex2 = 0
/\ mutex3 = 0
/\ holder1 = 2
/\ holder2 = 2
/\ holder3 = 2
/\ pc = (0 :> "T0_step1" @@ 1 :> "T1_step2")

@!@!@ENDMSG 2217 @!@!@
@!@!@STARTMSG 2217:4 @!@!@
13: <T0_step1 line 160, col 13 to line 163, col 38 of module MoreComplexThread>
/\ flag = TRUE
/\ mutex1 = 0
/\ mutex2 = 0
/\ mutex3 = 0
/\ holder1 = 2
/\ holder2 = 2
/\ holder3 = 2
/\ pc = (0 :> "T0_step2" @@ 1 :> "T1_step2")

@!@!@ENDMSG 2217 @!@!@
@!@!@STARTMSG 2217:4 @!@!@
14: <T0_step2 line 165, col 13 to line 172, col 69 of module MoreComplexThread>
/\ flag = TRUE
/\ mutex1 = 1
/\ mutex2 = 0
/\ mutex3 = 0
/\ holder1 = 0
/\ holder2 = 2
/\ holder3 = 2
/\ pc = (0 :> "T0_step3" @@ 1 :> "T1_step2")

@!@!@ENDMSG 2217 @!@!@
@!@!@STARTMSG 2217:4 @!@!@
15: <T0_step3 line 174, col 13 to line 179, col 69 of module MoreComplexThread>
/\ flag = TRUE
/\ mutex1 = 1
/\ mutex2 = 0
/\ mutex3 = 1
/\ holder1 = 0
/\ holder2 = 2
/\ holder3 = 0
/\ pc = (0 :> "T0_step4" @@ 1 :> "T1_step2")

@!@!@ENDMSG 2217 @!@!@
@!@!@STARTMSG 2217:4 @!@!@
16: <T0_step4 line 181, col 13 to line 186, col 69 of module MoreComplexThread>
/\ flag = TRUE
/\ mutex1 = 2
/\ mutex2 = 0
/\ mutex3 = 1
/\ holder1 = 0
/\ holder2 = 2
/\ holder3 = 0
/\ pc = (0 :> "T0_step5" @@ 1 :> "T1_step2")

@!@!@ENDMSG 2217 @!@!@
@!@!@STARTMSG 2217:4 @!@!@
17: <T0_step5 line 188, col 13 to line 192, col 38 of module MoreComplexThread>
/\ flag = TRUE
/\ mutex1 = 2
/\ mutex2 = 0
/\ mutex3 = 1
/\ holder1 = 0
/\ holder2 = 2
/\ holder3 = 0
/\ pc = (0 :> "T0_step6" @@ 1 :> "T1_step2")

@!@!@ENDMSG 2217 @!@!@
@!@!@STARTMSG 2217:4 @!@!@
18: <T1_step2 line 263, col 13 to line 268, col 38 of module MoreComplexThread>
/\ flag = TRUE
/\ mutex1 = 2
/\ mutex2 = 0
/\ mutex3 = 1
/\ holder1 = 0
/\ holder2 = 2
/\ holder3 = 0
/\ pc = (0 :> "T0_step6" @@ 1 :> "T1_step3")

@!@!@ENDMSG 2217 @!@!@
@!@!@STARTMSG 2217:4 @!@!@
19: <T1_step3 line 270, col 13 to line 275, col 69 of module MoreComplexThread>
/\ flag = TRUE
/\ mutex1 = 2
/\ mutex2 = 1
/\ mutex3 = 1
/\ holder1 = 0
/\ holder2 = 1
/\ holder3 = 0
/\ pc = (0 :> "T0_step6" @@ 1 :> "T1_step4")

@!@!@ENDMSG 2217 @!@!@
@!@!@STARTMSG 2217:4 @!@!@
20: <T0_step6 line 194, col 13 to line 201, col 69 of module MoreComplexThread>
/\ flag = TRUE
/\ mutex1 = 1
/\ mutex2 = 1
/\ mutex3 = 1
/\ holder1 = 0
/\ holder2 = 1
/\ holder3 = 0
/\ pc = (0 :> "T0_step7" @@ 1 :> "T1_step4")

@!@!@ENDMSG 2217 @!@!@
@!@!@STARTMSG 2201:0 @!@!@
The coverage statistics at 2021-04-27 01:09:54
@!@!@ENDMSG 2201 @!@!@
@!@!@STARTMSG 2773:0 @!@!@
<Init line 149, col 1 to line 149, col 4 of module MoreComplexThread>: 2:2
@!@!@ENDMSG 2773 @!@!@
@!@!@STARTMSG 2221:0 @!@!@
  line 150, col 9 to line 158, col 66 of module MoreComplexThread: 2
@!@!@ENDMSG 2221 @!@!@
@!@!@STARTMSG 2772:0 @!@!@
<T0_step1 line 160, col 1 to line 160, col 8 of module MoreComplexThread>: 21:36
@!@!@ENDMSG 2772 @!@!@
@!@!@STARTMSG 2221:0 @!@!@
  line 160, col 16 to line 160, col 33 of module MoreComplexThread: 306
@!@!@ENDMSG 2221 @!@!@
@!@!@STARTMSG 2221:0 @!@!@
  |line 160, col 16 to line 160, col 20 of module MoreComplexThread: 270
@!@!@ENDMSG 2221 @!@!@
@!@!@STARTMSG 2221:0 @!@!@
  line 161, col 16 to line 161, col 50 of module MoreComplexThread: 36
@!@!@ENDMSG 2221 @!@!@
@!@!@STARTMSG 2221:0 @!@!@
  line 162, col 16 to line 163, col 38 of module MoreComplexThread: 36
@!@!@ENDMSG 2221 @!@!@
@!@!@STARTMSG 2772:0 @!@!@
<T0_step2 line 165, col 1 to line 165, col 8 of module MoreComplexThread>: 23:36
@!@!@ENDMSG 2772 @!@!@
@!@!@STARTMSG 2221:0 @!@!@
  line 165, col 16 to line 165, col 33 of module MoreComplexThread: 304
@!@!@ENDMSG 2221 @!@!@
@!@!@STARTMSG 2221:0 @!@!@
  |line 165, col 16 to line 165, col 20 of module MoreComplexThread: 268
@!@!@ENDMSG 2221 @!@!@
@!@!@STARTMSG 2221:0 @!@!@
  line 166, col 20 to line 166, col 48 of module MoreComplexThread: 36
@!@!@ENDMSG 2221 @!@!@
@!@!@STARTMSG 2221:0 @!@!@
  |line 166, col 21 to line 166, col 31 of module MoreComplexThread: 36
@!@!@ENDMSG 2221 @!@!@
@!@!@STARTMSG 2221:0 @!@!@
  |line 166, col 38 to line 166, col 47 of module MoreComplexThread: 25
@!@!@ENDMSG 2221 @!@!@
@!@!@STARTMSG 2221:0 @!@!@
  line 167, col 24 to line 169, col 61 of module MoreComplexThread: 26
@!@!@ENDMSG 2221 @!@!@
@!@!@STARTMSG 2221:0 @!@!@
  line 170, col 27 to line 170, col 62 of module MoreComplexThread: 10
@!@!@ENDMSG 2221 @!@!@
@!@!@STARTMSG 2221:0 @!@!@
  line 171, col 27 to line 171, col 57 of module MoreComplexThread: 10
@!@!@ENDMSG 2221 @!@!@
@!@!@STARTMSG 2221:0 @!@!@
  line 172, col 16 to line 172, col 69 of module MoreComplexThread: 36
@!@!@ENDMSG 2221 @!@!@
@!@!@STARTMSG 2772:0 @!@!@
<T0_step3 line 174, col 1 to line 174, col 8 of module MoreComplexThread>: 22:24
@!@!@ENDMSG 2772 @!@!@
@!@!@STARTMSG 2221:0 @!@!@
  line 174, col 16 to line 174, col 33 of module MoreComplexThread: 290
@!@!@ENDMSG 2221 @!@!@
@!@!@STARTMSG 2221:0 @!@!@
  |line 174, col 16 to line 174, col 20 of module MoreComplexThread: 266
@!@!@ENDMSG 2221 @!@!@
@!@!@STARTMSG 2221:0 @!@!@
  line 175, col 18 to line 175, col 28 of module MoreComplexThread: 24
@!@!@ENDMSG 2221 @!@!@
@!@!@STARTMSG 2221:0 @!@!@
  line 175, col 35 to line 175, col 44 of module MoreComplexThread: 48
@!@!@ENDMSG 2221 @!@!@
@!@!@STARTMSG 2221:0 @!@!@
  |line 175, col 35 to line 175, col 40 of module MoreComplexThread: 24
@!@!@ENDMSG 2221 @!@!@
@!@!@STARTMSG 2221:0 @!@!@
  line 176, col 16 to line 176, col 27 of module MoreComplexThread: 24
@!@!@ENDMSG 2221 @!@!@
@!@!@STARTMSG 2221:0 @!@!@
  line 177, col 16 to line 177, col 35 of module MoreComplexThread: 24
@!@!@ENDMSG 2221 @!@!@
@!@!@STARTMSG 2221:0 @!@!@
  line 178, col 16 to line 178, col 50 of module MoreComplexThread: 24
@!@!@ENDMSG 2221 @!@!@
@!@!@STARTMSG 2221:0 @!@!@
  line 179, col 16 to line 179, col 69 of module MoreComplexThread: 24
@!@!@ENDMSG 2221 @!@!@
@!@!@STARTMSG 2772:0 @!@!@
<T0_step4 line 181, col 1 to line 181, col 8 of module MoreComplexThread>: 19:24
@!@!@ENDMSG 2772 @!@!@
@!@!@STARTMSG 2221:0 @!@!@
  line 181, col 16 to line 181, col 33 of module MoreComplexThread: 289
@!@!@ENDMSG 2221 @!@!@
@!@!@STARTMSG 2221:0 @!@!@
  |line 181, col 16 to line 181, col 20 of module MoreComplexThread: 265
@!@!@ENDMSG 2221 @!@!@
@!@!@STARTMSG 2221:0 @!@!@
  line 182, col 18 to line 182, col 28 of module MoreComplexThread: 48
@!@!@ENDMSG 2221 @!@!@
@!@!@STARTMSG 2221:0 @!@!@
  |line 182, col 18 to line 182, col 24 of module MoreComplexThread: 24
@!@!@ENDMSG 2221 @!@!@
@!@!@STARTMSG 2221:0 @!@!@
  line 182, col 35 to line 182, col 44 of module MoreComplexThread: 24
@!@!@ENDMSG 2221 @!@!@
@!@!@STARTMSG 2221:0 @!@!@
  line 183, col 16 to line 183, col 35 of module MoreComplexThread: 24
@!@!@ENDMSG 2221 @!@!@
@!@!@STARTMSG 2221:0 @!@!@
  line 184, col 16 to line 184, col 27 of module MoreComplexThread: 24
@!@!@ENDMSG 2221 @!@!@
@!@!@STARTMSG 2221:0 @!@!@
  line 185, col 16 to line 185, col 50 of module MoreComplexThread: 24
@!@!@ENDMSG 2221 @!@!@
@!@!@STARTMSG 2221:0 @!@!@
  line 186, col 16 to line 186, col 69 of module MoreComplexThread: 24
@!@!@ENDMSG 2221 @!@!@
@!@!@STARTMSG 2772:0 @!@!@
<T0_step5 line 188, col 1 to line 188, col 8 of module MoreComplexThread>: 18:22
@!@!@ENDMSG 2772 @!@!@
@!@!@STARTMSG 2221:0 @!@!@
  line 188, col 16 to line 188, col 33 of module MoreComplexThread: 286
@!@!@ENDMSG 2221 @!@!@
@!@!@STARTMSG 2221:0 @!@!@
  |line 188, col 16 to line 188, col 20 of module MoreComplexThread: 264
@!@!@ENDMSG 2221 @!@!@
@!@!@STARTMSG 2221:0 @!@!@
  line 189, col 16 to line 189, col 19 of module MoreComplexThread: 22
@!@!@ENDMSG 2221 @!@!@
@!@!@STARTMSG 2221:0 @!@!@
  line 190, col 16 to line 190, col 50 of module MoreComplexThread: 22
@!@!@ENDMSG 2221 @!@!@
@!@!@STARTMSG 2221:0 @!@!@
  line 191, col 16 to line 192, col 38 of module MoreComplexThread: 22
@!@!@ENDMSG 2221 @!@!@
@!@!@STARTMSG 2772:0 @!@!@
<T0_step6 line 194, col 1 to line 194, col 8 of module MoreComplexThread>: 19:23
@!@!@ENDMSG 2772 @!@!@
@!@!@STARTMSG 2221:0 @!@!@
  line 194, col 16 to line 194, col 33 of module MoreComplexThread: 286
@!@!@ENDMSG 2221 @!@!@
@!@!@STARTMSG 2221:0 @!@!@
  |line 194, col 16 to line 194, col 20 of module MoreComplexThread: 263
@!@!@ENDMSG 2221 @!@!@
@!@!@STARTMSG 2221:0 @!@!@
  line 195, col 16 to line 195, col 35 of module MoreComplexThread: 23
@!@!@ENDMSG 2221 @!@!@
@!@!@STARTMSG 2221:0 @!@!@
  line 196, col 20 to line 196, col 30 of module MoreComplexThread: 23
@!@!@ENDMSG 2221 @!@!@
@!@!@STARTMSG 2221:0 @!@!@
  line 197, col 27 to line 197, col 38 of module MoreComplexThread: 0
@!@!@ENDMSG 2221 @!@!@
@!@!@STARTMSG 2221:0 @!@!@
  line 198, col 27 to line 198, col 30 of module MoreComplexThread: 23
@!@!@ENDMSG 2221 @!@!@
@!@!@STARTMSG 2221:0 @!@!@
  line 199, col 27 to line 199, col 43 of module MoreComplexThread: 23
@!@!@ENDMSG 2221 @!@!@
@!@!@STARTMSG 2221:0 @!@!@
  line 200, col 16 to line 200, col 50 of module MoreComplexThread: 23
@!@!@ENDMSG 2221 @!@!@
@!@!@STARTMSG 2221:0 @!@!@
  line 201, col 16 to line 201, col 69 of module MoreComplexThread: 23
@!@!@ENDMSG 2221 @!@!@
@!@!@STARTMSG 2772:0 @!@!@
<T0_step7 line 203, col 1 to line 203, col 8 of module MoreComplexThread>: 12:14
@!@!@ENDMSG 2772 @!@!@
@!@!@STARTMSG 2221:0 @!@!@
  line 203, col 16 to line 203, col 33 of module MoreComplexThread: 276
@!@!@ENDMSG 2221 @!@!@
@!@!@STARTMSG 2221:0 @!@!@
  |line 203, col 16 to line 203, col 20 of module MoreComplexThread: 262
@!@!@ENDMSG 2221 @!@!@
@!@!@STARTMSG 2221:0 @!@!@
  line 204, col 18 to line 204, col 28 of module MoreComplexThread: 20
@!@!@ENDMSG 2221 @!@!@
@!@!@STARTMSG 2221:0 @!@!@
  line 204, col 35 to line 204, col 44 of module MoreComplexThread: 34
@!@!@ENDMSG 2221 @!@!@
@!@!@STARTMSG 2221:0 @!@!@
  |line 204, col 35 to line 204, col 40 of module MoreComplexThread: 20
@!@!@ENDMSG 2221 @!@!@
@!@!@STARTMSG 2221:0 @!@!@
  line 205, col 16 to line 205, col 27 of module MoreComplexThread: 14
@!@!@ENDMSG 2221 @!@!@
@!@!@STARTMSG 2221:0 @!@!@
  line 206, col 16 to line 206, col 35 of module MoreComplexThread: 14
@!@!@ENDMSG 2221 @!@!@
@!@!@STARTMSG 2221:0 @!@!@
  line 207, col 16 to line 207, col 50 of module MoreComplexThread: 14
@!@!@ENDMSG 2221 @!@!@
@!@!@STARTMSG 2221:0 @!@!@
  line 208, col 16 to line 208, col 69 of module MoreComplexThread: 14
@!@!@ENDMSG 2221 @!@!@
@!@!@STARTMSG 2772:0 @!@!@
<T0_step8 line 210, col 1 to line 210, col 8 of module MoreComplexThread>: 11:14
@!@!@ENDMSG 2772 @!@!@
@!@!@STARTMSG 2221:0 @!@!@
  line 210, col 16 to line 210, col 33 of module MoreComplexThread: 276
@!@!@ENDMSG 2221 @!@!@
@!@!@STARTMSG 2221:0 @!@!@
  |line 210, col 16 to line 210, col 20 of module MoreComplexThread: 262
@!@!@ENDMSG 2221 @!@!@
@!@!@STARTMSG 2221:0 @!@!@
  line 211, col 16 to line 211, col 28 of module MoreComplexThread: 14
@!@!@ENDMSG 2221 @!@!@
@!@!@STARTMSG 2221:0 @!@!@
  line 212, col 16 to line 212, col 50 of module MoreComplexThread: 14
@!@!@ENDMSG 2221 @!@!@
@!@!@STARTMSG 2221:0 @!@!@
  line 213, col 16 to line 213, col 80 of module MoreComplexThread: 14
@!@!@ENDMSG 2221 @!@!@
@!@!@STARTMSG 2772:0 @!@!@
<T0_step9 line 215, col 1 to line 215, col 8 of module MoreComplexThread>: 11:11
@!@!@ENDMSG 2772 @!@!@
@!@!@STARTMSG 2221:0 @!@!@
  line 215, col 16 to line 215, col 33 of module MoreComplexThread: 273
@!@!@ENDMSG 2221 @!@!@
@!@!@STARTMSG 2221:0 @!@!@
  |line 215, col 16 to line 215, col 20 of module MoreComplexThread: 262
@!@!@ENDMSG 2221 @!@!@
@!@!@STARTMSG 2221:0 @!@!@
  line 216, col 16 to line 216, col 35 of module MoreComplexThread: 11
@!@!@ENDMSG 2221 @!@!@
@!@!@STARTMSG 2221:0 @!@!@
  line 217, col 20 to line 217, col 30 of module MoreComplexThread: 11
@!@!@ENDMSG 2221 @!@!@
@!@!@STARTMSG 2221:0 @!@!@
  line 218, col 24 to line 218, col 38 of module MoreComplexThread: 11
@!@!@ENDMSG 2221 @!@!@
@!@!@STARTMSG 2221:0 @!@!@
  line 220, col 27 to line 220, col 43 of module MoreComplexThread: 0
@!@!@ENDMSG 2221 @!@!@
@!@!@STARTMSG 2221:0 @!@!@
  line 221, col 16 to line 221, col 51 of module MoreComplexThread: 11
@!@!@ENDMSG 2221 @!@!@
@!@!@STARTMSG 2221:0 @!@!@
  line 222, col 16 to line 222, col 69 of module MoreComplexThread: 11
@!@!@ENDMSG 2221 @!@!@
@!@!@STARTMSG 2772:0 @!@!@
<T0_step10 line 224, col 1 to line 224, col 9 of module MoreComplexThread>: 12:13
@!@!@ENDMSG 2772 @!@!@
@!@!@STARTMSG 2221:0 @!@!@
  line 224, col 17 to line 224, col 35 of module MoreComplexThread: 275
@!@!@ENDMSG 2221 @!@!@
@!@!@STARTMSG 2221:0 @!@!@
  |line 224, col 17 to line 224, col 21 of module MoreComplexThread: 262
@!@!@ENDMSG 2221 @!@!@
@!@!@STARTMSG 2221:0 @!@!@
  line 225, col 17 to line 225, col 36 of module MoreComplexThread: 13
@!@!@ENDMSG 2221 @!@!@
@!@!@STARTMSG 2221:0 @!@!@
  line 226, col 21 to line 226, col 31 of module MoreComplexThread: 13
@!@!@ENDMSG 2221 @!@!@
@!@!@STARTMSG 2221:0 @!@!@
  line 227, col 25 to line 227, col 39 of module MoreComplexThread: 13
@!@!@ENDMSG 2221 @!@!@
@!@!@STARTMSG 2221:0 @!@!@
  line 229, col 28 to line 229, col 44 of module MoreComplexThread: 0
@!@!@ENDMSG 2221 @!@!@
@!@!@STARTMSG 2221:0 @!@!@
  line 230, col 17 to line 230, col 51 of module MoreComplexThread: 13
@!@!@ENDMSG 2221 @!@!@
@!@!@STARTMSG 2221:0 @!@!@
  line 231, col 17 to line 231, col 70 of module MoreComplexThread: 13
@!@!@ENDMSG 2221 @!@!@
@!@!@STARTMSG 2772:0 @!@!@
<T0_step11 line 233, col 1 to line 233, col 9 of module MoreComplexThread>: 8:13
@!@!@ENDMSG 2772 @!@!@
@!@!@STARTMSG 2221:0 @!@!@
  line 233, col 17 to line 233, col 35 of module MoreComplexThread: 275
@!@!@ENDMSG 2221 @!@!@
@!@!@STARTMSG 2221:0 @!@!@
  |line 233, col 17 to line 233, col 21 of module MoreComplexThread: 262
@!@!@ENDMSG 2221 @!@!@
@!@!@STARTMSG 2221:0 @!@!@
  line 234, col 19 to line 234, col 29 of module MoreComplexThread: 23
@!@!@ENDMSG 2221 @!@!@
@!@!@STARTMSG 2221:0 @!@!@
  line 234, col 36 to line 234, col 45 of module MoreComplexThread: 36
@!@!@ENDMSG 2221 @!@!@
@!@!@STARTMSG 2221:0 @!@!@
  |line 234, col 36 to line 234, col 41 of module MoreComplexThread: 23
@!@!@ENDMSG 2221 @!@!@
@!@!@STARTMSG 2221:0 @!@!@
  line 235, col 17 to line 235, col 36 of module MoreComplexThread: 13
@!@!@ENDMSG 2221 @!@!@
@!@!@STARTMSG 2221:0 @!@!@
  line 236, col 17 to line 236, col 28 of module MoreComplexThread: 13
@!@!@ENDMSG 2221 @!@!@
@!@!@STARTMSG 2221:0 @!@!@
  line 237, col 17 to line 237, col 52 of module MoreComplexThread: 13
@!@!@ENDMSG 2221 @!@!@
@!@!@STARTMSG 2221:0 @!@!@
  line 238, col 17 to line 238, col 70 of module MoreComplexThread: 13
@!@!@ENDMSG 2221 @!@!@
@!@!@STARTMSG 2772:0 @!@!@
<T0_step12 line 240, col 1 to line 240, col 9 of module MoreComplexThread>: 4:11
@!@!@ENDMSG 2772 @!@!@
@!@!@STARTMSG 2221:0 @!@!@
  line 240, col 17 to line 240, col 35 of module MoreComplexThread: 272
@!@!@ENDMSG 2221 @!@!@
@!@!@STARTMSG 2221:0 @!@!@
  |line 240, col 17 to line 240, col 21 of module MoreComplexThread: 261
@!@!@ENDMSG 2221 @!@!@
@!@!@STARTMSG 2221:0 @!@!@
  line 241, col 17 to line 241, col 28 of module MoreComplexThread: 11
@!@!@ENDMSG 2221 @!@!@
@!@!@STARTMSG 2221:0 @!@!@
  line 242, col 17 to line 242, col 52 of module MoreComplexThread: 11
@!@!@ENDMSG 2221 @!@!@
@!@!@STARTMSG 2221:0 @!@!@
  line 243, col 17 to line 243, col 81 of module MoreComplexThread: 11
@!@!@ENDMSG 2221 @!@!@
@!@!@STARTMSG 2772:0 @!@!@
<T0_step13 line 245, col 1 to line 245, col 9 of module MoreComplexThread>: 5:13
@!@!@ENDMSG 2772 @!@!@
@!@!@STARTMSG 2221:0 @!@!@
  line 245, col 17 to line 245, col 35 of module MoreComplexThread: 273
@!@!@ENDMSG 2221 @!@!@
@!@!@STARTMSG 2221:0 @!@!@
  |line 245, col 17 to line 245, col 21 of module MoreComplexThread: 260
@!@!@ENDMSG 2221 @!@!@
@!@!@STARTMSG 2221:0 @!@!@
  line 246, col 17 to line 246, col 36 of module MoreComplexThread: 13
@!@!@ENDMSG 2221 @!@!@
@!@!@STARTMSG 2221:0 @!@!@
  line 247, col 21 to line 247, col 31 of module MoreComplexThread: 13
@!@!@ENDMSG 2221 @!@!@
@!@!@STARTMSG 2221:0 @!@!@
  line 248, col 25 to line 248, col 39 of module MoreComplexThread: 13
@!@!@ENDMSG 2221 @!@!@
@!@!@STARTMSG 2221:0 @!@!@
  line 250, col 28 to line 250, col 44 of module MoreComplexThread: 0
@!@!@ENDMSG 2221 @!@!@
@!@!@STARTMSG 2221:0 @!@!@
  line 251, col 17 to line 251, col 51 of module MoreComplexThread: 13
@!@!@ENDMSG 2221 @!@!@
@!@!@STARTMSG 2221:0 @!@!@
  line 252, col 17 to line 252, col 70 of module MoreComplexThread: 13
@!@!@ENDMSG 2221 @!@!@
@!@!@STARTMSG 2772:0 @!@!@
<T1_step1 line 258, col 1 to line 258, col 8 of module MoreComplexThread>: 11:58
@!@!@ENDMSG 2772 @!@!@
@!@!@STARTMSG 2221:0 @!@!@
  line 258, col 16 to line 258, col 33 of module MoreComplexThread: 317
@!@!@ENDMSG 2221 @!@!@
@!@!@STARTMSG 2221:0 @!@!@
  |line 258, col 16 to line 258, col 20 of module MoreComplexThread: 259
@!@!@ENDMSG 2221 @!@!@
@!@!@STARTMSG 2221:0 @!@!@
  line 259, col 16 to line 259, col 50 of module MoreComplexThread: 58
@!@!@ENDMSG 2221 @!@!@
@!@!@STARTMSG 2221:0 @!@!@
  line 260, col 16 to line 261, col 38 of module MoreComplexThread: 58
@!@!@ENDMSG 2221 @!@!@
@!@!@STARTMSG 2772:0 @!@!@
<T1_step2 line 263, col 1 to line 263, col 8 of module MoreComplexThread>: 20:59
@!@!@ENDMSG 2772 @!@!@
@!@!@STARTMSG 2221:0 @!@!@
  line 263, col 16 to line 263, col 33 of module MoreComplexThread: 316
@!@!@ENDMSG 2221 @!@!@
@!@!@STARTMSG 2221:0 @!@!@
  |line 263, col 16 to line 263, col 20 of module MoreComplexThread: 257
@!@!@ENDMSG 2221 @!@!@
@!@!@STARTMSG 2221:0 @!@!@
  line 264, col 20 to line 264, col 23 of module MoreComplexThread: 59
@!@!@ENDMSG 2221 @!@!@
@!@!@STARTMSG 2221:0 @!@!@
  line 265, col 24 to line 265, col 61 of module MoreComplexThread: 12
@!@!@ENDMSG 2221 @!@!@
@!@!@STARTMSG 2221:0 @!@!@
  line 266, col 24 to line 266, col 61 of module MoreComplexThread: 47
@!@!@ENDMSG 2221 @!@!@
@!@!@STARTMSG 2221:0 @!@!@
  line 267, col 16 to line 268, col 38 of module MoreComplexThread: 59
@!@!@ENDMSG 2221 @!@!@
@!@!@STARTMSG 2772:0 @!@!@
<T1_step3 line 270, col 1 to line 270, col 8 of module MoreComplexThread>: 9:19
@!@!@ENDMSG 2772 @!@!@
@!@!@STARTMSG 2221:0 @!@!@
  line 270, col 16 to line 270, col 33 of module MoreComplexThread: 274
@!@!@ENDMSG 2221 @!@!@
@!@!@STARTMSG 2221:0 @!@!@
  |line 270, col 16 to line 270, col 20 of module MoreComplexThread: 255
@!@!@ENDMSG 2221 @!@!@
@!@!@STARTMSG 2221:0 @!@!@
  line 271, col 18 to line 271, col 28 of module MoreComplexThread: 25
@!@!@ENDMSG 2221 @!@!@
@!@!@STARTMSG 2221:0 @!@!@
  line 271, col 35 to line 271, col 44 of module MoreComplexThread: 44
@!@!@ENDMSG 2221 @!@!@
@!@!@STARTMSG 2221:0 @!@!@
  |line 271, col 35 to line 271, col 40 of module MoreComplexThread: 25
@!@!@ENDMSG 2221 @!@!@
@!@!@STARTMSG 2221:0 @!@!@
  line 272, col 16 to line 272, col 35 of module MoreComplexThread: 19
@!@!@ENDMSG 2221 @!@!@
@!@!@STARTMSG 2221:0 @!@!@
  line 273, col 16 to line 273, col 27 of module MoreComplexThread: 19
@!@!@ENDMSG 2221 @!@!@
@!@!@STARTMSG 2221:0 @!@!@
  line 274, col 16 to line 274, col 50 of module MoreComplexThread: 19
@!@!@ENDMSG 2221 @!@!@
@!@!@STARTMSG 2221:0 @!@!@
  line 275, col 16 to line 275, col 69 of module MoreComplexThread: 19
@!@!@ENDMSG 2221 @!@!@
@!@!@STARTMSG 2772:0 @!@!@
<T1_step4 line 277, col 1 to line 277, col 8 of module MoreComplexThread>: 2:3
@!@!@ENDMSG 2772 @!@!@
@!@!@STARTMSG 2221:0 @!@!@
  line 277, col 16 to line 277, col 33 of module MoreComplexThread: 257
@!@!@ENDMSG 2221 @!@!@
@!@!@STARTMSG 2221:0 @!@!@
  |line 277, col 16 to line 277, col 20 of module MoreComplexThread: 254
@!@!@ENDMSG 2221 @!@!@
@!@!@STARTMSG 2221:0 @!@!@
  line 278, col 18 to line 278, col 28 of module MoreComplexThread: 17
@!@!@ENDMSG 2221 @!@!@
@!@!@STARTMSG 2221:0 @!@!@
  line 278, col 35 to line 278, col 44 of module MoreComplexThread: 20
@!@!@ENDMSG 2221 @!@!@
@!@!@STARTMSG 2221:0 @!@!@
  |line 278, col 35 to line 278, col 40 of module MoreComplexThread: 17
@!@!@ENDMSG 2221 @!@!@
@!@!@STARTMSG 2221:0 @!@!@
  line 279, col 16 to line 279, col 35 of module MoreComplexThread: 3
@!@!@ENDMSG 2221 @!@!@
@!@!@STARTMSG 2221:0 @!@!@
  line 280, col 16 to line 280, col 27 of module MoreComplexThread: 3
@!@!@ENDMSG 2221 @!@!@
@!@!@STARTMSG 2221:0 @!@!@
  line 281, col 16 to line 281, col 50 of module MoreComplexThread: 3
@!@!@ENDMSG 2221 @!@!@
@!@!@STARTMSG 2221:0 @!@!@
  line 282, col 16 to line 282, col 69 of module MoreComplexThread: 3
@!@!@ENDMSG 2221 @!@!@
@!@!@STARTMSG 2772:0 @!@!@
<T1_step5 line 284, col 1 to line 284, col 8 of module MoreComplexThread>: 2:3
@!@!@ENDMSG 2772 @!@!@
@!@!@STARTMSG 2221:0 @!@!@
  line 284, col 16 to line 284, col 33 of module MoreComplexThread: 257
@!@!@ENDMSG 2221 @!@!@
@!@!@STARTMSG 2221:0 @!@!@
  |line 284, col 16 to line 284, col 20 of module MoreComplexThread: 254
@!@!@ENDMSG 2221 @!@!@
@!@!@STARTMSG 2221:0 @!@!@
  line 285, col 16 to line 285, col 28 of module MoreComplexThread: 3
@!@!@ENDMSG 2221 @!@!@
@!@!@STARTMSG 2221:0 @!@!@
  line 286, col 16 to line 286, col 50 of module MoreComplexThread: 3
@!@!@ENDMSG 2221 @!@!@
@!@!@STARTMSG 2221:0 @!@!@
  line 287, col 16 to line 287, col 80 of module MoreComplexThread: 3
@!@!@ENDMSG 2221 @!@!@
@!@!@STARTMSG 2772:0 @!@!@
<T1_step6 line 289, col 1 to line 289, col 8 of module MoreComplexThread>: 3:3
@!@!@ENDMSG 2772 @!@!@
@!@!@STARTMSG 2221:0 @!@!@
  line 289, col 16 to line 289, col 33 of module MoreComplexThread: 257
@!@!@ENDMSG 2221 @!@!@
@!@!@STARTMSG 2221:0 @!@!@
  |line 289, col 16 to line 289, col 20 of module MoreComplexThread: 254
@!@!@ENDMSG 2221 @!@!@
@!@!@STARTMSG 2221:0 @!@!@
  line 290, col 16 to line 290, col 19 of module MoreComplexThread: 3
@!@!@ENDMSG 2221 @!@!@
@!@!@STARTMSG 2221:0 @!@!@
  line 291, col 16 to line 291, col 50 of module MoreComplexThread: 3
@!@!@ENDMSG 2221 @!@!@
@!@!@STARTMSG 2221:0 @!@!@
  line 292, col 16 to line 293, col 38 of module MoreComplexThread: 3
@!@!@ENDMSG 2221 @!@!@
@!@!@STARTMSG 2772:0 @!@!@
<T1_step7 line 295, col 1 to line 295, col 8 of module MoreComplexThread>: 3:3
@!@!@ENDMSG 2772 @!@!@
@!@!@STARTMSG 2221:0 @!@!@
  line 295, col 16 to line 295, col 33 of module MoreComplexThread: 257
@!@!@ENDMSG 2221 @!@!@
@!@!@STARTMSG 2221:0 @!@!@
  |line 295, col 16 to line 295, col 20 of module MoreComplexThread: 254
@!@!@ENDMSG 2221 @!@!@
@!@!@STARTMSG 2221:0 @!@!@
  line 296, col 16 to line 296, col 35 of module MoreComplexThread: 3
@!@!@ENDMSG 2221 @!@!@
@!@!@STARTMSG 2221:0 @!@!@
  line 297, col 20 to line 297, col 30 of module MoreComplexThread: 3
@!@!@ENDMSG 2221 @!@!@
@!@!@STARTMSG 2221:0 @!@!@
  line 298, col 24 to line 298, col 38 of module MoreComplexThread: 3
@!@!@ENDMSG 2221 @!@!@
@!@!@STARTMSG 2221:0 @!@!@
  line 300, col 27 to line 300, col 43 of module MoreComplexThread: 0
@!@!@ENDMSG 2221 @!@!@
@!@!@STARTMSG 2221:0 @!@!@
  line 301, col 16 to line 301, col 50 of module MoreComplexThread: 3
@!@!@ENDMSG 2221 @!@!@
@!@!@STARTMSG 2221:0 @!@!@
  line 302, col 16 to line 302, col 69 of module MoreComplexThread: 3
@!@!@ENDMSG 2221 @!@!@
@!@!@STARTMSG 2772:0 @!@!@
<T1_step8 line 304, col 1 to line 304, col 8 of module MoreComplexThread>: 3:8
@!@!@ENDMSG 2772 @!@!@
@!@!@STARTMSG 2221:0 @!@!@
  line 304, col 16 to line 304, col 33 of module MoreComplexThread: 262
@!@!@ENDMSG 2221 @!@!@
@!@!@STARTMSG 2221:0 @!@!@
  |line 304, col 16 to line 304, col 20 of module MoreComplexThread: 254
@!@!@ENDMSG 2221 @!@!@
@!@!@STARTMSG 2221:0 @!@!@
  line 305, col 18 to line 305, col 28 of module MoreComplexThread: 16
@!@!@ENDMSG 2221 @!@!@
@!@!@STARTMSG 2221:0 @!@!@
  |line 305, col 18 to line 305, col 24 of module MoreComplexThread: 8
@!@!@ENDMSG 2221 @!@!@
@!@!@STARTMSG 2221:0 @!@!@
  line 305, col 35 to line 305, col 44 of module MoreComplexThread: 8
@!@!@ENDMSG 2221 @!@!@
@!@!@STARTMSG 2221:0 @!@!@
  line 306, col 16 to line 306, col 35 of module MoreComplexThread: 8
@!@!@ENDMSG 2221 @!@!@
@!@!@STARTMSG 2221:0 @!@!@
  line 307, col 16 to line 307, col 27 of module MoreComplexThread: 8
@!@!@ENDMSG 2221 @!@!@
@!@!@STARTMSG 2221:0 @!@!@
  line 308, col 16 to line 308, col 50 of module MoreComplexThread: 8
@!@!@ENDMSG 2221 @!@!@
@!@!@STARTMSG 2221:0 @!@!@
  line 309, col 16 to line 309, col 69 of module MoreComplexThread: 8
@!@!@ENDMSG 2221 @!@!@
@!@!@STARTMSG 2772:0 @!@!@
<T1_step9 line 311, col 1 to line 311, col 8 of module MoreComplexThread>: 6:12
@!@!@ENDMSG 2772 @!@!@
@!@!@STARTMSG 2221:0 @!@!@
  line 311, col 16 to line 311, col 33 of module MoreComplexThread: 266
@!@!@ENDMSG 2221 @!@!@
@!@!@STARTMSG 2221:0 @!@!@
  |line 311, col 16 to line 311, col 20 of module MoreComplexThread: 254
@!@!@ENDMSG 2221 @!@!@
@!@!@STARTMSG 2221:0 @!@!@
  line 312, col 18 to line 312, col 28 of module MoreComplexThread: 55
@!@!@ENDMSG 2221 @!@!@
@!@!@STARTMSG 2221:0 @!@!@
  line 312, col 35 to line 312, col 44 of module MoreComplexThread: 67
@!@!@ENDMSG 2221 @!@!@
@!@!@STARTMSG 2221:0 @!@!@
  |line 312, col 35 to line 312, col 40 of module MoreComplexThread: 55
@!@!@ENDMSG 2221 @!@!@
@!@!@STARTMSG 2221:0 @!@!@
  line 313, col 16 to line 313, col 35 of module MoreComplexThread: 12
@!@!@ENDMSG 2221 @!@!@
@!@!@STARTMSG 2221:0 @!@!@
  line 314, col 16 to line 314, col 27 of module MoreComplexThread: 12
@!@!@ENDMSG 2221 @!@!@
@!@!@STARTMSG 2221:0 @!@!@
  line 315, col 16 to line 315, col 51 of module MoreComplexThread: 12
@!@!@ENDMSG 2221 @!@!@
@!@!@STARTMSG 2221:0 @!@!@
  line 316, col 16 to line 316, col 69 of module MoreComplexThread: 12
@!@!@ENDMSG 2221 @!@!@
@!@!@STARTMSG 2772:0 @!@!@
<T1_step10 line 318, col 1 to line 318, col 9 of module MoreComplexThread>: 6:14
@!@!@ENDMSG 2772 @!@!@
@!@!@STARTMSG 2221:0 @!@!@
  line 318, col 17 to line 318, col 35 of module MoreComplexThread: 267
@!@!@ENDMSG 2221 @!@!@
@!@!@STARTMSG 2221:0 @!@!@
  |line 318, col 17 to line 318, col 21 of module MoreComplexThread: 253
@!@!@ENDMSG 2221 @!@!@
@!@!@STARTMSG 2221:0 @!@!@
  line 319, col 17 to line 319, col 29 of module MoreComplexThread: 14
@!@!@ENDMSG 2221 @!@!@
@!@!@STARTMSG 2221:0 @!@!@
  line 320, col 17 to line 320, col 52 of module MoreComplexThread: 14
@!@!@ENDMSG 2221 @!@!@
@!@!@STARTMSG 2221:0 @!@!@
  line 321, col 17 to line 321, col 81 of module MoreComplexThread: 14
@!@!@ENDMSG 2221 @!@!@
@!@!@STARTMSG 2772:0 @!@!@
<T1_step11 line 323, col 1 to line 323, col 9 of module MoreComplexThread>: 5:14
@!@!@ENDMSG 2772 @!@!@
@!@!@STARTMSG 2221:0 @!@!@
  line 323, col 17 to line 323, col 35 of module MoreComplexThread: 266
@!@!@ENDMSG 2221 @!@!@
@!@!@STARTMSG 2221:0 @!@!@
  |line 323, col 17 to line 323, col 21 of module MoreComplexThread: 252
@!@!@ENDMSG 2221 @!@!@
@!@!@STARTMSG 2221:0 @!@!@
  line 324, col 17 to line 324, col 36 of module MoreComplexThread: 14
@!@!@ENDMSG 2221 @!@!@
@!@!@STARTMSG 2221:0 @!@!@
  line 325, col 21 to line 325, col 31 of module MoreComplexThread: 14
@!@!@ENDMSG 2221 @!@!@
@!@!@STARTMSG 2221:0 @!@!@
  line 326, col 25 to line 326, col 39 of module MoreComplexThread: 14
@!@!@ENDMSG 2221 @!@!@
@!@!@STARTMSG 2221:0 @!@!@
  line 328, col 28 to line 328, col 44 of module MoreComplexThread: 0
@!@!@ENDMSG 2221 @!@!@
@!@!@STARTMSG 2221:0 @!@!@
  line 329, col 17 to line 329, col 51 of module MoreComplexThread: 14
@!@!@ENDMSG 2221 @!@!@
@!@!@STARTMSG 2221:0 @!@!@
  line 330, col 17 to line 330, col 70 of module MoreComplexThread: 14
@!@!@ENDMSG 2221 @!@!@
@!@!@STARTMSG 2772:0 @!@!@
<Terminating line 337, col 1 to line 337, col 11 of module MoreComplexThread>: 0:0
@!@!@ENDMSG 2772 @!@!@
@!@!@STARTMSG 2221:0 @!@!@
  line 337, col 19 to line 337, col 56 of module MoreComplexThread: 251
@!@!@ENDMSG 2221 @!@!@
@!@!@STARTMSG 2221:0 @!@!@
  line 338, col 19 to line 338, col 32 of module MoreComplexThread: 0
@!@!@ENDMSG 2221 @!@!@
@!@!@STARTMSG 2202:0 @!@!@
End of statistics.
@!@!@ENDMSG 2202 @!@!@
@!@!@STARTMSG 2200:0 @!@!@
Progress(37) at 2021-04-27 01:09:54: 424 states generated (23 977 s/min), 256 distinct states found (14 476 ds/min), 5 states left on queue.
@!@!@ENDMSG 2200 @!@!@
@!@!@STARTMSG 2199:0 @!@!@
424 states generated, 256 distinct states found, 5 states left on queue.
@!@!@ENDMSG 2199 @!@!@
@!@!@STARTMSG 2194:0 @!@!@
The depth of the complete state graph search is 37.
@!@!@ENDMSG 2194 @!@!@
@!@!@STARTMSG 2268:0 @!@!@
The average outdegree of the complete state graph is 1 (minimum is 0, the maximum 2 and the 95th percentile is 2).
@!@!@ENDMSG 2268 @!@!@
@!@!@STARTMSG 2186:0 @!@!@
Finished in 1071ms at (2021-04-27 01:09:54)
@!@!@ENDMSG 2186 @!@!@
